PRT1
373
1089
4 0 162 (0 432 791.906982 ) (0 448 791.906982 ) (0 448 192 ) (0 432 192 ) 
4 0 161 (0 448 791.906982 ) (0 975.031006 791.906982 ) (0 975.031006 192 ) (0 448 192 ) 
4 0 18 (0 448 192 ) (0 975.031006 192 ) (36 975.031006 192 ) (36 448 192 ) 
4 0 13 (36 975.031006 192 ) (92 975.031006 192 ) (92 448 192 ) (36 448 192 ) 
4 0 12 (132 448 192 ) (224 448 192 ) (224 440 192 ) (132 440 192 ) 
4 0 11 (809.874023 448 192 ) (809.874023 432 192 ) (236 432 192 ) (236 448 192 ) 
4 0 10 (92 975.031006 192 ) (809.874023 975.031006 192 ) (809.874023 448 192 ) (92 448 192 ) 
4 0 4 (4 432 208 ) (4 432 791.906982 ) (0 432 791.906982 ) (0 432 208 ) 
4 0 2 (224 432 208 ) (224 432 791.906982 ) (4 432 791.906982 ) (4 432 208 ) 
4 0 1 (224 432 192 ) (809.874023 432 192 ) (809.874023 432 791.906982 ) (224 432 791.906982 ) 
4 1 35 (809.874023 312 192 ) (809.874023 132 192 ) (224 132 192 ) (224 312 192 ) 
4 1 32 (809.874023 320 192 ) (809.874023 312 192 ) (224 312 192 ) (224 320 192 ) 
4 1 19 (236 432 192 ) (809.874023 432 192 ) (809.874023 320 192 ) (236 320 192 ) 
4 1 8 (224 132 192 ) (256 132 192 ) (256 132 252 ) (224 132 252 ) 
4 1 7 (256 132 268 ) (256 132 791.906982 ) (224 132 791.906982 ) (224 132 268 ) 
4 1 6 (256 132 192 ) (809.874023 132 192 ) (809.874023 132 791.906982 ) (256 132 791.906982 ) 
4 1 2 (224 432 791.906982 ) (224 432 208 ) (224 312 208 ) (224 312 791.906982 ) 
4 1 3 (224 312 192 ) (224 132 192 ) (224 132 791.906982 ) (224 312 791.906982 ) 
4 2 4 (4 432 791.906982 ) (4 432 208 ) (4 360 208 ) (4 360 791.906982 ) 
4 2 5 (4 360 208 ) (4 312 208 ) (4 312 791.906982 ) (4 360 791.906982 ) 
4 2 3 (4 312 791.906982 ) (4 312 208 ) (224 312 208 ) (224 312 791.906982 ) 
4 3 41 (96 132 192 ) (32 132 192 ) (32 216 192 ) (96 216 192 ) 
4 3 40 (4 216 192 ) (4 312 192 ) (96 312 192 ) (96 216 192 ) 
4 3 36 (176 132 192 ) (96 132 192 ) (96 312 192 ) (176 312 192 ) 
4 3 35 (224 312 192 ) (224 132 192 ) (176 132 192 ) (176 312 192 ) 
4 3 8 (96 132 192 ) (224 132 192 ) (224 132 252 ) (96 132 252 ) 
4 3 7 (224 132 268 ) (224 132 791.906982 ) (96 132 791.906982 ) (96 132 268 ) 
4 3 9 (4 132 192 ) (96 132 192 ) (96 132 791.906982 ) (4 132 791.906982 ) 
4 3 5 (4 312 192 ) (4 132 192 ) (4 132 791.906982 ) (4 312 791.906982 ) 
4 4 163 (0 360 791.906982 ) (0 432 791.906982 ) (0 432 208 ) (0 360 208 ) 
4 4 5 (4 360 208 ) (4 360 791.906982 ) (0 360 791.906982 ) (0 360 208 ) 
4 5 164 (0 360 208 ) (0 360 192 ) (0 132 192 ) (0 132 208 ) 
4 5 163 (0 132 791.906982 ) (0 360 791.906982 ) (0 360 208 ) (0 132 208 ) 
4 5 9 (0 132 192 ) (4 132 192 ) (4 132 791.906982 ) (0 132 791.906982 ) 
4 6 62 (809.874023 128 791.906982 ) (256 128 791.906982 ) (256 128 192 ) (809.874023 128 192 ) 
4 6 35 (809.874023 128 192 ) (256 128 192 ) (256 132 192 ) (809.874023 132 192 ) 
4 6 8 (256 132 252 ) (256 132 192 ) (256 128 192 ) (256 128 248 ) 
4 6 7 (256 132 791.906982 ) (256 132 268 ) (256 128 272 ) (256 128 791.906982 ) 
4 7 76 (104 128 791.906982 ) (96 128 791.906982 ) (96 128 272 ) (104 128 272 ) 
4 7 67 (248 128 791.906982 ) (104 128 791.906982 ) (104 128 272 ) (248 128 272 ) 
4 7 63 (256 128 791.906982 ) (248 128 791.906982 ) (248 128 272 ) (256 128 272 ) 
4 7 9 (96 132 791.906982 ) (96 132 268 ) (96 128 272 ) (96 128 791.906982 ) 
4 8 36 (176 128 192 ) (96 128 192 ) (96 132 192 ) (176 132 192 ) 
4 8 35 (256 128 192 ) (176 128 192 ) (176 132 192 ) (256 132 192 ) 
4 8 9 (96 132 252 ) (96 132 192 ) (96 128 192 ) (96 128 248 ) 
4 9 164 (0 128 192 ) (0 128 208 ) (0 132 208 ) (0 132 192 ) 
4 9 163 (0 128 208 ) (0 128 791.906982 ) (0 132 791.906982 ) (0 132 208 ) 
4 9 95 (53 128 192 ) (91 128 192 ) (91 128 224 ) (53 128 224 ) 
4 9 91 (96 128 791.906982 ) (0 128 791.906982 ) (0 128 256 ) (96 128 256 ) 
4 9 41 (96 128 192 ) (32 128 192 ) (32 132 192 ) (96 132 192 ) 
4 10 42 (809.874023 975.031006 64 ) (809.874023 448 64 ) (92 448 64 ) (92 975.031006 64 ) 
4 10 14 (92 975.031006 64 ) (92 448 64 ) (92 448 176 ) (92 975.031006 176 ) 
4 10 13 (92 448 176 ) (92 448 192 ) (92 975.031006 192 ) (92 975.031006 176 ) 
4 10 12 (132 448 64 ) (224 448 64 ) (224 448 192 ) (132 448 192 ) 
4 10 11 (236 448 64 ) (809.874023 448 64 ) (809.874023 448 192 ) (236 448 192 ) 
4 11 43 (809.874023 448 64 ) (809.874023 432 64 ) (236 432 64 ) (236 448 64 ) 
4 11 19 (236 432 64 ) (809.874023 432 64 ) (809.874023 432 192 ) (236 432 192 ) 
4 13 18 (36 448 192 ) (36 975.031006 192 ) (36 975.031006 176 ) (36 448 176 ) 
4 13 14 (36 448 176 ) (36 975.031006 176 ) (92 975.031006 176 ) (92 448 176 ) 
4 14 42 (92 975.031006 64 ) (92 448 64 ) (36 448 64 ) (36 975.031006 64 ) 
4 14 18 (36 975.031006 64 ) (36 448 64 ) (36 448 176 ) (36 975.031006 176 ) 
4 14 16 (88 444 172 ) (40 444 172 ) (40 444 64 ) (88 444 64 ) 
4 15 21 (83 432 176 ) (36 432 176 ) (36 432 172 ) (83 432 172 ) 
4 15 20 (92 432 172 ) (92 432 176 ) (83 432 176 ) (83 432 172 ) 
4 15 17 (36 432 172 ) (36 436 172 ) (92 436 172 ) (92 432 172 ) 
4 16 17 (88 436 172 ) (40 436 172 ) (40 436 64 ) (88 436 64 ) 
4 17 21 (36 432 64 ) (83 432 64 ) (83 432 172 ) (36 432 172 ) 
4 17 20 (83 432 64 ) (92 432 64 ) (92 432 172 ) (83 432 172 ) 
4 18 161 (0 448 192 ) (0 975.031006 192 ) (0 975.031006 64 ) (0 448 64 ) 
4 18 53 (0 448 64 ) (0 975.031006 64 ) (4 975.031006 64 ) (4 448 64 ) 
4 18 42 (4 975.031006 64 ) (36 975.031006 64 ) (36 448 64 ) (4 448 64 ) 
4 19 43 (236 432 64 ) (809.874023 432 64 ) (809.874023 320 64 ) (236 320 64 ) 
4 19 32 (236 320 64 ) (809.874023 320 64 ) (809.874023 320 192 ) (236 320 192 ) 
4 20 24 (83 324 64 ) (83 320 64 ) (83 320 93.500000 ) (83 324 93.500000 ) 
4 20 22 (83 320 174 ) (83 320 192 ) (83 324 192 ) (83 324 174 ) 
4 20 21 (83 432 192 ) (83 432 64 ) (83 324 64 ) (83 324 192 ) 
4 21 31 (33 360 64 ) (33 324 64 ) (33 324 192 ) (33 360 192 ) 
4 21 30 (33 368 64 ) (33 360 64 ) (33 360 176 ) (33 368 176 ) 
4 21 28 (33 420 64 ) (33 368 64 ) (33 368 172 ) (33 420 172 ) 
4 21 27 (33 368 172 ) (33 368 176 ) (33 420 176 ) (33 420 172 ) 
4 21 26 (33 360 176 ) (33 360 192 ) (33 420 192 ) (33 420 176 ) 
4 21 25 (33 432 192 ) (33 432 64 ) (33 420 64 ) (33 420 192 ) 
4 21 24 (33 324 93.500000 ) (33 324 64 ) (83 324 64 ) (83 324 93.500000 ) 
4 21 23 (37.166698 324 96.047508 ) (78.833298 324 96.047508 ) (78.833298 324 171.453003 ) (37.166698 324 171.453003 ) 
4 21 22 (33 324 192 ) (33 324 174 ) (83 324 174 ) (83 324 192 ) 
4 22 31 (33 320 174 ) (33 320 192 ) (33 324 192 ) (33 324 174 ) 
4 23 33 (78.833298 320 171.453003 ) (37.166698 320 171.453003 ) (37.166698 320 96.047508 ) (78.833298 320 96.047508 ) 
4 24 31 (33 324 64 ) (33 320 64 ) (33 320 93.500000 ) (33 324 93.500000 ) 
4 25 28 (6 420 64 ) (33 420 64 ) (33 420 172 ) (6 420 172 ) 
4 25 27 (33 420 172 ) (33 420 176 ) (6 420 176 ) (6 420 172 ) 
4 25 26 (33 420 176 ) (33 420 192 ) (4 420 192 ) (4 420 176 ) 
4 26 31 (33 360 176 ) (33 360 192 ) (4 360 192 ) (4 360 176 ) 
4 26 30 (33 360 176 ) (4 360 176 ) (4 368 176 ) (33 368 176 ) 
4 26 27 (6 420 176 ) (33 420 176 ) (33 368 176 ) (6 368 176 ) 
4 27 30 (33 368 172 ) (33 368 176 ) (6 368 176 ) (6 368 172 ) 
4 27 28 (33 368 172 ) (6 368 172 ) (6 420 172 ) (33 420 172 ) 
4 28 30 (6 368 64 ) (33 368 64 ) (33 368 172 ) (6 368 172 ) 
4 28 29 (6 370 172 ) (6 418 172 ) (6 418 64 ) (6 370 64 ) 
4 29 169 (0 418 64 ) (0 370 64 ) (0 370 172 ) (0 418 172 ) 
4 30 31 (4 360 64 ) (33 360 64 ) (33 360 176 ) (4 360 176 ) 
4 32 46 (224 320 64 ) (809.874023 320 64 ) (809.874023 312 64 ) (224 312 64 ) 
4 32 35 (224 312 64 ) (809.874023 312 64 ) (809.874023 312 192 ) (224 312 192 ) 
4 33 40 (80 312 172 ) (36 312 172 ) (36 312 94 ) (80 312 94 ) 
4 34 49 (24 312 64 ) (4 312 64 ) (4 316 64 ) (24 316 64 ) 
4 34 47 (112 316 64 ) (112 312 64 ) (24 312 64 ) (24 316 64 ) 
4 34 40 (4 312 64 ) (96 312 64 ) (96 312 80 ) (4 312 80 ) 
4 34 39 (96 312 64 ) (112 312 64 ) (112 312 80 ) (96 312 80 ) 
4 35 84 (176 128 104 ) (176 128 64 ) (809.874023 128 64 ) (809.874023 128 104 ) 
4 35 82 (256 128 104 ) (809.874023 128 104 ) (809.874023 128 124 ) (256 128 124 ) 
4 35 62 (809.874023 128 192 ) (256 128 192 ) (256 128 124 ) (809.874023 128 124 ) 
4 35 46 (809.874023 128 64 ) (176 128 64 ) (176 312 64 ) (809.874023 312 64 ) 
4 35 38 (176 312 120 ) (176 312 64 ) (176 128 64 ) (176 128 120 ) 
4 35 36 (176 312 192 ) (176 312 176 ) (176 128 176 ) (176 128 192 ) 
4 36 41 (96 216 176 ) (96 128 176 ) (96 128 192 ) (96 216 192 ) 
4 36 40 (96 312 192 ) (96 312 176 ) (96 216 176 ) (96 216 192 ) 
4 36 37 (96 128 176 ) (96 312 176 ) (156 312 176 ) (156 128 176 ) 
4 37 41 (96 216 128 ) (96 128 128 ) (96 128 176 ) (96 216 176 ) 
4 37 40 (96 312 176 ) (96 312 128 ) (96 216 128 ) (96 216 176 ) 
4 38 84 (144 128 64 ) (176 128 64 ) (176 128 104 ) (144 128 104 ) 
4 38 46 (176 128 64 ) (144 128 64 ) (144 312 64 ) (176 312 64 ) 
4 39 48 (112 128 64 ) (96 128 64 ) (96 132 64 ) (112 132 64 ) 
4 39 47 (96 132 64 ) (96 312 64 ) (112 312 64 ) (112 132 64 ) 
4 39 41 (96 216 64 ) (96 128 64 ) (96 128 120 ) (96 216 120 ) 
4 39 40 (96 312 120 ) (96 312 64 ) (96 216 64 ) (96 216 120 ) 
4 40 49 (4 312 64 ) (24 312 64 ) (24 216 64 ) (4 216 64 ) 
4 40 47 (24 312 64 ) (96 312 64 ) (96 216 64 ) (24 216 64 ) 
4 40 41 (32 216 64 ) (96 216 64 ) (96 216 192 ) (32 216 192 ) 
4 41 95 (91 128 192 ) (53 128 192 ) (53 128 169 ) (91 128 169 ) 
4 41 48 (96 128 64 ) (32 128 64 ) (32 132 64 ) (96 132 64 ) 
4 41 47 (32 132 64 ) (32 216 64 ) (96 216 64 ) (96 132 64 ) 
4 42 60 (4 448 -64 ) (4 975.031006 -64 ) (24 975.031006 -64 ) (24 448 -64 ) 
4 42 59 (24 975.031006 -64 ) (112 975.031006 -64 ) (112 448 -64 ) (24 448 -64 ) 
4 42 58 (112 975.031006 -64 ) (144 975.031006 -64 ) (144 448 -64 ) (112 448 -64 ) 
4 42 57 (144 975.031006 -64 ) (809.874023 975.031006 -64 ) (809.874023 448 -64 ) (144 448 -64 ) 
4 42 53 (4 975.031006 -64 ) (4 448 -64 ) (4 448 64 ) (4 975.031006 64 ) 
4 42 45 (4 448 48 ) (4 448 -64 ) (224 448 -64 ) (224 448 48 ) 
4 42 44 (224 448 -64 ) (236 448 -64 ) (236 448 48 ) (224 448 48 ) 
4 42 43 (236 448 -64 ) (809.874023 448 -64 ) (809.874023 448 64 ) (236 448 64 ) 
4 43 57 (236 448 -64 ) (809.874023 448 -64 ) (809.874023 320 -64 ) (236 320 -64 ) 
4 43 46 (236 320 -64 ) (809.874023 320 -64 ) (809.874023 320 64 ) (236 320 64 ) 
4 43 44 (236 448 48 ) (236 448 -64 ) (236 320 -64 ) (236 320 48 ) 
4 44 57 (224 448 -64 ) (236 448 -64 ) (236 320 -64 ) (224 320 -64 ) 
4 44 46 (224 320 -64 ) (236 320 -64 ) (236 320 48 ) (224 320 48 ) 
4 44 45 (224 448 48 ) (224 448 -64 ) (224 320 -64 ) (224 320 48 ) 
4 45 60 (4 384 -64 ) (4 448 -64 ) (24 448 -64 ) (24 384 -64 ) 
4 45 59 (24 448 -64 ) (112 448 -64 ) (112 384 -64 ) (24 384 -64 ) 
4 45 58 (112 448 -64 ) (144 448 -64 ) (144 320 -64 ) (112 320 -64 ) 
4 45 57 (144 448 -64 ) (224 448 -64 ) (224 320 -64 ) (144 320 -64 ) 
4 45 53 (4 448 -64 ) (4 432 -64 ) (4 432 48 ) (4 448 48 ) 
4 45 49 (4 320 48 ) (4 320 -64 ) (24 320 -64 ) (24 320 48 ) 
4 45 47 (24 320 -64 ) (112 320 -64 ) (112 320 48 ) (24 320 48 ) 
4 45 46 (144 320 -64 ) (224 320 -64 ) (224 320 48 ) (144 320 48 ) 
4 46 87 (144 128 -32 ) (144 128 -64 ) (809.874023 128 -64 ) (809.874023 128 -32 ) 
4 46 84 (809.874023 128 64 ) (144 128 64 ) (144 128 -32 ) (809.874023 128 -32 ) 
4 46 57 (809.874023 128 -64 ) (144 128 -64 ) (144 320 -64 ) (809.874023 320 -64 ) 
4 47 52 (24 144 -64 ) (24 132 -64 ) (24 132 64 ) (24 144 64 ) 
4 47 50 (24 216 -64 ) (24 144 -64 ) (24 144 64 ) (24 216 64 ) 
5 47 49 (24 320 48 ) (24 320 -64 ) (24 216 -64 ) (24 216 64 ) (24 316 64 ) 
4 47 48 (32 132 -64 ) (112 132 -64 ) (112 132 64 ) (32 132 64 ) 
4 48 101 (36 128 -64 ) (92 128 -64 ) (92 128 60 ) (36 128 60 ) 
4 49 50 (6 216 -64 ) (24 216 -64 ) (24 216 64 ) (6 216 64 ) 
4 50 52 (6 144 -64 ) (24 144 -64 ) (24 144 64 ) (6 144 64 ) 
4 50 51 (6 200 -64 ) (6 144 -64 ) (6 144 64 ) (6 200 64 ) 
4 51 56 (4 196 -64 ) (4 148 -64 ) (4 148 44 ) (4 196 44 ) 
4 51 54 (4 144 48 ) (4 144 64 ) (4 200 64 ) (4 200 48 ) 
4 53 185 (0 432 64 ) (0 975.031006 64 ) (0 975.031006 -64 ) (0 432 -64 ) 
4 53 60 (0 432 -64 ) (0 975.031006 -64 ) (4 975.031006 -64 ) (4 432 -64 ) 
4 54 55 (2 200 64 ) (2 200 48 ) (2 144 48 ) (2 144 64 ) 
4 55 205 (0 144 64 ) (0 200 64 ) (0 200 48 ) (0 144 48 ) 
4 56 208 (0 196 -64 ) (0 148 -64 ) (0 148 44 ) (0 196 44 ) 
4 57 87 (809.874023 128 -64 ) (144 128 -64 ) (144 128 -96 ) (809.874023 128 -96 ) 
4 57 61 (809.874023 128 -96 ) (144 128 -96 ) (144 975.031006 -96 ) (809.874023 975.031006 -96 ) 
4 57 58 (144 975.031006 -64 ) (144 975.031006 -96 ) (144 320 -96 ) (144 320 -64 ) 
4 58 61 (112 320 -96 ) (112 975.031006 -96 ) (144 975.031006 -96 ) (144 320 -96 ) 
4 58 59 (112 975.031006 -96 ) (112 384 -96 ) (112 384 -64 ) (112 975.031006 -64 ) 
4 59 61 (24 384 -96 ) (24 975.031006 -96 ) (112 975.031006 -96 ) (112 384 -96 ) 
4 59 60 (24 975.031006 -96 ) (24 384 -96 ) (24 384 -64 ) (24 975.031006 -64 ) 
4 60 216 (0 384 -64 ) (0 432 -64 ) (0 432 -96 ) (0 384 -96 ) 
4 60 185 (0 432 -64 ) (0 975.031006 -64 ) (0 975.031006 -96 ) (0 432 -96 ) 
4 60 61 (0 384 -96 ) (0 975.031006 -96 ) (24 975.031006 -96 ) (24 384 -96 ) 
4 61 219 (0 128 -611.906982 ) (0 128 -96 ) (0 432 -96 ) (0 432 -611.906982 ) 
4 61 185 (0 432 -96 ) (0 975.031006 -96 ) (0 975.031006 -611.906982 ) (0 432 -611.906982 ) 
4 61 110 (96 128 -96 ) (0 128 -96 ) (0 128 -611.906982 ) (96 128 -611.906982 ) 
4 61 88 (128 128 -96 ) (96 128 -96 ) (96 128 -611.906982 ) (128 128 -611.906982 ) 
4 61 87 (809.874023 128 -96 ) (128 128 -96 ) (128 128 -611.906982 ) (809.874023 128 -611.906982 ) 
4 62 111 (809.874023 0 791.906982 ) (256 0 791.906982 ) (256 0 124 ) (809.874023 0 124 ) 
4 62 82 (809.874023 0 124 ) (256 0 124 ) (256 128 124 ) (809.874023 128 124 ) 
4 62 66 (256 36 124 ) (256 0 124 ) (256 0 248 ) (256 36 248 ) 
3 62 64 (256 32 252 ) (256 32 272 ) (256 120 272 ) 
4 62 65 (256 32 248 ) (256 0 248 ) (256 0 272 ) (256 32 272 ) 
4 62 63 (256 128 791.906982 ) (256 128 272 ) (256 0 272 ) (256 0 791.906982 ) 
4 63 111 (248 0 791.906982 ) (248 0 272 ) (256 0 272 ) (256 0 791.906982 ) 
4 63 73 (248 36 272 ) (248 32 272 ) (248 32 791.906982 ) (248 36 791.906982 ) 
4 63 75 (248 32 272 ) (248 0 272 ) (248 0 791.906982 ) (248 32 791.906982 ) 
4 63 70 (248 44 272 ) (248 36 272 ) (248 36 791.906982 ) (248 44 791.906982 ) 
4 63 68 (248 120 272 ) (248 44 272 ) (248 44 791.906982 ) (248 120 791.906982 ) 
4 63 67 (248 128 791.906982 ) (248 128 272 ) (248 120 272 ) (248 120 791.906982 ) 
4 63 64 (248 32 272 ) (248 120 272 ) (256 120 272 ) (256 32 272 ) 
4 63 65 (248 0 272 ) (248 32 272 ) (256 32 272 ) (256 0 272 ) 
4 64 73 (248 32 252 ) (248 32 272 ) (248 36 272 ) (248 36 252.909088 ) 
4 64 70 (248 36 272 ) (248 44 272 ) (248 44 254.727264 ) (248 36 252.909088 ) 
3 64 68 (248 44 272 ) (248 120 272 ) (248 44 254.727264 ) 
4 64 65 (256 32 252 ) (256 32 272 ) (248 32 272 ) (248 32 252 ) 
4 65 111 (248 0 272 ) (248 0 248 ) (256 0 248 ) (256 0 272 ) 
4 65 75 (248 32 248 ) (248 0 248 ) (248 0 272 ) (248 32 272 ) 
4 65 66 (248 0 248 ) (248 32 248 ) (256 32 248 ) (256 0 248 ) 
4 66 111 (248 0 248 ) (248 0 124 ) (256 0 124 ) (256 0 248 ) 
4 66 83 (256 0 124 ) (248 0 124 ) (248 32 124 ) (256 32 124 ) 
4 66 74 (248 36 124 ) (248 32 124 ) (248 32 248 ) (248 36 248 ) 
4 66 75 (248 32 124 ) (248 0 124 ) (248 0 248 ) (248 32 248 ) 
4 67 76 (104 128 791.906982 ) (104 128 272 ) (104 120 272 ) (104 120 791.906982 ) 
4 67 68 (104 120 791.906982 ) (104 120 272 ) (248 120 272 ) (248 120 791.906982 ) 
3 68 77 (104 44 254.727280 ) (104 44 272 ) (104 120 272 ) 
4 68 76 (104 44 272 ) (104 44 791.906982 ) (104 120 791.906982 ) (104 120 272 ) 
4 68 70 (104 44 791.906982 ) (104 44 254.727295 ) (248 44 254.727280 ) (248 44 791.906982 ) 
4 69 80 (104 106 124 ) (104 58 124 ) (104 58 232 ) (104 106 232 ) 
4 69 72 (232 44 236.421997 ) (120 44 236.421997 ) (120 44 163.421997 ) (232 44 163.421997 ) 
4 69 71 (104 44 250.181824 ) (104 44 249 ) (248 44 249 ) (248 44 250.181824 ) 
4 70 77 (104 36 252.909103 ) (104 36 272 ) (104 44 272 ) (104 44 254.727295 ) 
4 70 76 (104 36 272 ) (104 36 791.906982 ) (104 44 791.906982 ) (104 44 272 ) 
4 70 73 (104 36 791.906982 ) (104 36 252.909119 ) (248 36 252.909103 ) (248 36 791.906982 ) 
4 72 74 (232 36 236.421997 ) (120 36 236.421997 ) (120 36 163.421997 ) (232 36 163.421997 ) 
4 73 77 (104 32 252 ) (104 32 272 ) (104 36 272 ) (104 36 252.909058 ) 
4 73 76 (104 32 272 ) (104 32 791.906982 ) (104 36 791.906982 ) (104 36 272 ) 
4 73 75 (248 32 252 ) (248 32 791.906982 ) (104 32 791.906982 ) (104 32 252 ) 
4 74 81 (104 36 124 ) (104 32 124 ) (104 32 232 ) (104 36 232 ) 
4 74 79 (104 32 232 ) (104 32 248 ) (104 36 248 ) (104 36 232 ) 
4 74 75 (248 32 124 ) (248 32 248 ) (104 32 248 ) (104 32 124 ) 
4 75 111 (104 0 791.906982 ) (104 0 124 ) (248 0 124 ) (248 0 791.906982 ) 
4 75 83 (248 0 124 ) (104 0 124 ) (104 32 124 ) (248 32 124 ) 
4 75 81 (104 32 124 ) (104 0 124 ) (104 0 232 ) (104 32 232 ) 
4 75 79 (104 0 232 ) (104 0 248 ) (104 32 248 ) (104 32 232 ) 
4 75 78 (104 0 248 ) (104 0 272 ) (104 32 272 ) (104 32 248 ) 
4 75 76 (104 0 272 ) (104 0 791.906982 ) (104 32 791.906982 ) (104 32 272 ) 
4 76 111 (96 0 791.906982 ) (96 0 272 ) (104 0 272 ) (104 0 791.906982 ) 
4 76 91 (96 128 791.906982 ) (96 128 272 ) (96 0 272 ) (96 0 791.906982 ) 
4 76 77 (96 32 272 ) (96 120 272 ) (104 120 272 ) (104 32 272 ) 
4 76 78 (96 0 272 ) (96 32 272 ) (104 32 272 ) (104 0 272 ) 
4 77 92 (96 32 252 ) (96 32 256 ) (96 48 256 ) (96 48 255.636368 ) 
4 77 91 (96 32 256 ) (96 32 272 ) (96 120 272 ) (96 49.599998 256 ) 
4 77 78 (104 32 252 ) (104 32 272 ) (96 32 272 ) (96 32 252 ) 
4 78 111 (96 0 272 ) (96 0 248 ) (104 0 248 ) (104 0 272 ) 
4 78 92 (96 32 248 ) (96 0 248 ) (96 0 256 ) (96 32 256 ) 
4 78 91 (96 0 256 ) (96 0 272 ) (96 32 272 ) (96 32 256 ) 
4 78 79 (96 0 248 ) (96 32 248 ) (104 32 248 ) (104 0 248 ) 
4 79 111 (96 0 248 ) (96 0 232 ) (104 0 232 ) (104 0 248 ) 
4 79 94 (96 36 232 ) (96 0 232 ) (96 0 236 ) (96 36 236 ) 
4 79 92 (96 0 236 ) (96 0 248 ) (96 36 248 ) (96 36 236 ) 
4 79 81 (96 0 232 ) (96 36 232 ) (104 36 232 ) (104 0 232 ) 
4 80 96 (96 106 124 ) (96 58 124 ) (96 58 224 ) (96 106 224 ) 
4 80 93 (96 58 224 ) (96 58 232 ) (96 106 232 ) (96 106 224 ) 
4 81 111 (96 0 232 ) (96 0 124 ) (104 0 124 ) (104 0 232 ) 
4 81 97 (96 36 124 ) (96 0 124 ) (96 0 224 ) (96 36 224 ) 
4 81 94 (96 0 224 ) (96 0 232 ) (96 36 232 ) (96 36 224 ) 
4 81 83 (104 0 124 ) (96 0 124 ) (96 32 124 ) (104 32 124 ) 
4 82 119 (809.874023 0 124 ) (256 0 124 ) (256 0 104 ) (809.874023 0 104 ) 
4 82 85 (809.874023 0 104 ) (256 0 104 ) (256 44 104 ) (809.874023 44 104 ) 
4 82 84 (256 44 104 ) (256 128 104 ) (809.874023 128 104 ) (809.874023 44 104 ) 
4 82 83 (256 32 104 ) (256 0 104 ) (256 0 124 ) (256 32 124 ) 
4 83 120 (256 0 124 ) (96 0 124 ) (96 0 104 ) (256 0 104 ) 
4 83 98 (96 32 104 ) (96 0 104 ) (96 0 124 ) (96 32 124 ) 
4 83 86 (256 0 104 ) (96 0 104 ) (96 32 104 ) (256 32 104 ) 
4 84 87 (128 128 -32 ) (809.874023 128 -32 ) (809.874023 44 -32 ) (128 44 -32 ) 
4 84 85 (256 44 -32 ) (809.874023 44 -32 ) (809.874023 44 104 ) (256 44 104 ) 
4 85 123 (809.874023 0 104 ) (256 0 104 ) (256 0 -32 ) (809.874023 0 -32 ) 
4 85 89 (809.874023 32 -32 ) (809.874023 0 -32 ) (256 0 -32 ) (256 32 -32 ) 
4 85 87 (256 44 -32 ) (809.874023 44 -32 ) (809.874023 32 -32 ) (256 32 -32 ) 
4 85 86 (256 32 -32 ) (256 0 -32 ) (256 0 104 ) (256 32 104 ) 
4 86 125 (248 0 104 ) (96 0 104 ) (96 0 -32 ) (248 0 -32 ) 
4 86 124 (256 0 104 ) (248 0 104 ) (248 0 -32 ) (256 0 -32 ) 
4 86 106 (96 32 -32 ) (96 0 -32 ) (96 0 104 ) (96 32 104 ) 
4 87 90 (128 32 -64 ) (128 32 -611.906982 ) (809.874023 32 -611.906982 ) (809.874023 32 -64 ) 
4 87 89 (809.874023 32 -32 ) (256 32 -32 ) (256 32 -64 ) (809.874023 32 -64 ) 
4 87 88 (128 128 -611.906982 ) (128 32 -611.906982 ) (128 32 -96 ) (128 128 -96 ) 
4 88 110 (96 128 -96 ) (96 128 -611.906982 ) (96 32 -611.906982 ) (96 32 -96 ) 
4 88 90 (96 32 -96 ) (96 32 -611.906982 ) (128 32 -611.906982 ) (128 32 -96 ) 
4 89 145 (809.874023 0 -32 ) (256 0 -32 ) (256 0 -64 ) (809.874023 0 -64 ) 
4 89 90 (256 32 -64 ) (809.874023 32 -64 ) (809.874023 0 -64 ) (256 0 -64 ) 
4 90 147 (809.874023 0 -64 ) (96 0 -64 ) (96 0 -611.906982 ) (809.874023 0 -611.906982 ) 
4 90 110 (96 0 -611.906982 ) (96 0 -96 ) (96 32 -96 ) (96 32 -611.906982 ) 
4 91 174 (0 0 256 ) (0 0 791.906982 ) (0 128 791.906982 ) (0 128 256 ) 
4 91 111 (96 0 256 ) (96 0 791.906982 ) (0 0 791.906982 ) (0 0 256 ) 
4 91 92 (0 0 256 ) (0 48 256 ) (96 48 256 ) (96 0 256 ) 
4 92 175 (0 0 236 ) (0 0 256 ) (0 48 256 ) (0 48 236 ) 
4 92 111 (96 0 236 ) (96 0 256 ) (0 0 256 ) (0 0 236 ) 
4 92 94 (96 48 236 ) (96 0 236 ) (0 0 236 ) (0 48 236 ) 
4 93 176 (0 56 236 ) (0 120 236 ) (0 120 224 ) (0 56 224 ) 
4 93 96 (0 56 224 ) (0 120 224 ) (96 120 224 ) (96 56 224 ) 
4 94 177 (0 0 224 ) (0 0 236 ) (0 48 236 ) (0 48 224 ) 
4 94 111 (96 0 224 ) (96 0 236 ) (0 0 236 ) (0 0 224 ) 
4 94 97 (0 0 224 ) (0 48 224 ) (96 48 224 ) (96 0 224 ) 
4 95 96 (91 120 224 ) (53 120 224 ) (53 120 169 ) (91 120 169 ) 
4 96 178 (0 56 224 ) (0 120 224 ) (0 120 124 ) (0 56 124 ) 
4 97 179 (0 0 124 ) (0 0 224 ) (0 48 224 ) (0 48 124 ) 
4 97 111 (96 0 124 ) (96 0 224 ) (0 0 224 ) (0 0 124 ) 
4 97 98 (0 0 124 ) (0 32 124 ) (96 32 124 ) (96 0 124 ) 
4 98 180 (0 0 104 ) (0 0 124 ) (0 32 124 ) (0 32 104 ) 
4 98 121 (64 0 124 ) (0 0 124 ) (0 0 104 ) (64 0 104 ) 
4 98 120 (96 0 104 ) (96 0 124 ) (64 0 124 ) (64 0 104 ) 
4 98 108 (32 0 104 ) (0 0 104 ) (0 32 104 ) (32 32 104 ) 
4 98 106 (96 32 104 ) (96 0 104 ) (32 0 104 ) (32 32 104 ) 
3 99 107 (32 44 92 ) (32 96 64 ) (32 44 64 ) 
4 99 106 (32 32 92 ) (32 32 64 ) (96 32 64 ) (96 32 92 ) 
4 99 100 (96 32 64 ) (32 32 64 ) (32 96 64 ) (96 96 64 ) 
4 100 106 (32 32 64 ) (32 32 60 ) (96 32 60 ) (96 32 64 ) 
4 100 103 (96 32 60 ) (32 32 60 ) (32 48 60 ) (96 48 60 ) 
4 100 102 (32 48 60 ) (32 116 60 ) (96 116 60 ) (96 48 60 ) 
4 101 105 (36 116 -56 ) (36 116 -64 ) (92 116 -64 ) (92 116 -56 ) 
4 101 104 (36 116 -48 ) (36 116 -56 ) (92 116 -56 ) (92 116 -48 ) 
4 101 102 (92 116 60 ) (36 116 60 ) (36 116 -48 ) (92 116 -48 ) 
4 102 104 (32 64 -48 ) (32 116 -48 ) (96 116 -48 ) (96 64 -48 ) 
4 102 103 (96 48 -40 ) (96 48 60 ) (32 48 60 ) (32 48 -40 ) 
4 103 106 (32 32 60 ) (32 32 -32 ) (96 32 -32 ) (96 32 60 ) 
4 104 105 (32 80 -56 ) (32 116 -56 ) (96 116 -56 ) (96 80 -56 ) 
4 106 143 (32 0 -24 ) (32 0 -32 ) (64 0 -32 ) (64 0 -24 ) 
4 106 142 (32 0 -16 ) (32 0 -24 ) (64 0 -24 ) (64 0 -16 ) 
4 106 139 (64 0 104 ) (32 0 104 ) (32 0 -16 ) (64 0 -16 ) 
4 106 125 (96 0 -32 ) (96 0 104 ) (64 0 104 ) (64 0 -32 ) 
4 106 108 (32 0 -32 ) (32 0 104 ) (32 32 104 ) (32 32 -32 ) 
4 108 211 (0 0 -32 ) (0 0 64 ) (0 32 64 ) (0 32 -32 ) 
4 108 184 (0 0 64 ) (0 0 104 ) (0 32 104 ) (0 32 64 ) 
4 108 143 (0 0 -24 ) (0 0 -32 ) (32 0 -32 ) (32 0 -24 ) 
4 108 142 (0 0 -16 ) (0 0 -24 ) (32 0 -24 ) (32 0 -16 ) 
4 108 139 (32 0 104 ) (0 0 104 ) (0 0 -16 ) (32 0 -16 ) 
4 109 218 (0 0 -96 ) (0 0 -64 ) (0 32 -64 ) (0 32 -96 ) 
4 109 147 (24 0 -64 ) (0 0 -64 ) (0 0 -96 ) (24 0 -96 ) 
4 109 110 (24 32 -96 ) (24 0 -96 ) (0 0 -96 ) (0 32 -96 ) 
4 110 219 (0 0 -611.906982 ) (0 0 -96 ) (0 128 -96 ) (0 128 -611.906982 ) 
4 110 147 (96 0 -611.906982 ) (96 0 -96 ) (0 0 -96 ) (0 0 -611.906982 ) 
4 111 323 (0 -28 124 ) (0 -32 124 ) (0 -32 158.235992 ) (0 -28 158.235992 ) 
4 111 322 (0 0 158.235992 ) (0 0 124 ) (0 -28 124 ) (0 -28 158.235992 ) 
4 111 318 (0 0 240 ) (0 0 158.235992 ) (0 -32 158.235992 ) (0 -32 240 ) 
4 111 317 (0 0 256 ) (0 0 240 ) (0 -32 240 ) (0 -32 256 ) 
4 111 316 (0 -32 791.906982 ) (0 0 791.906982 ) (0 0 256 ) (0 -32 256 ) 
4 111 121 (0 -32 124 ) (0 0 124 ) (64 0 124 ) (64 -32 124 ) 
4 111 120 (64 0 124 ) (256 0 124 ) (256 -28 124 ) (64 -28 124 ) 
4 111 119 (256 0 124 ) (809.874023 0 124 ) (809.874023 -32 124 ) (256 -32 124 ) 
4 111 114 (148 -32 164 ) (108 -32 164 ) (108 -32 158 ) (148 -32 158 ) 
4 111 115 (20 -32 164 ) (0 -32 164 ) (0 -32 158 ) (20 -32 158 ) 
4 111 113 (809.874023 -32 158 ) (809.874023 -32 164 ) (236 -32 164 ) (236 -32 158 ) 
4 111 112 (809.874023 -32 164 ) (809.874023 -32 791.906982 ) (0 -32 791.906982 ) (0 -32 164 ) 
4 111 116 (0 -32 124 ) (809.874023 -32 124 ) (809.874023 -32 158 ) (0 -32 158 ) 
4 112 316 (0 -40 791.906982 ) (0 -32 791.906982 ) (0 -32 256 ) (0 -40 256 ) 
4 112 118 (256 -40 791.906982 ) (0 -40 791.906982 ) (0 -40 256 ) (256 -40 256 ) 
4 112 117 (809.874023 -40 164 ) (809.874023 -40 791.906982 ) (256 -40 791.906982 ) (256 -40 164 ) 
4 112 114 (108 -32 164 ) (148 -32 164 ) (148 -40 164 ) (108 -40 164 ) 
4 112 115 (0 -32 164 ) (20 -32 164 ) (20 -40 164 ) (0 -40 164 ) 
4 112 113 (236 -32 164 ) (809.874023 -32 164 ) (809.874023 -40 164 ) (236 -40 164 ) 
4 113 117 (809.874023 -40 158 ) (809.874023 -40 164 ) (256 -40 164 ) (256 -40 158 ) 
4 113 116 (236 -32 158 ) (809.874023 -32 158 ) (809.874023 -40 158 ) (236 -40 158 ) 
4 114 116 (108 -32 158 ) (148 -32 158 ) (148 -40 158 ) (108 -40 158 ) 
4 115 116 (0 -32 158 ) (20 -32 158 ) (20 -40 158 ) (0 -40 158 ) 
4 116 121 (0 -36 124 ) (0 -32 124 ) (64 -32 124 ) (64 -36 124 ) 
4 116 119 (256 -32 124 ) (809.874023 -32 124 ) (809.874023 -40 124 ) (256 -40 124 ) 
4 116 117 (256 -40 124 ) (809.874023 -40 124 ) (809.874023 -40 158 ) (256 -40 158 ) 
4 117 122 (809.874023 -160 791.906982 ) (256 -160 791.906982 ) (256 -160 124 ) (809.874023 -160 124 ) 
4 117 119 (809.874023 -160 124 ) (256 -160 124 ) (256 -40 124 ) (809.874023 -40 124 ) 
4 117 118 (256 -40 791.906982 ) (256 -40 256 ) (256 -160 256 ) (256 -160 791.906982 ) 
4 118 316 (0 -160 791.906982 ) (0 -40 791.906982 ) (0 -40 256 ) (0 -160 256 ) 
4 118 122 (256 -160 791.906982 ) (0 -160 791.906982 ) (0 -160 256 ) (256 -160 256 ) 
4 119 148 (809.874023 -152 104 ) (809.874023 -160 104 ) (256 -160 104 ) (256 -152 104 ) 
4 119 127 (809.874023 -40 104 ) (809.874023 -152 104 ) (256 -152 104 ) (256 -40 104 ) 
4 119 123 (256 0 104 ) (809.874023 0 104 ) (809.874023 -40 104 ) (256 -40 104 ) 
4 119 122 (256 -160 104 ) (809.874023 -160 104 ) (809.874023 -160 124 ) (256 -160 124 ) 
4 119 120 (256 0 104 ) (256 -28 104 ) (256 -28 124 ) (256 0 124 ) 
4 120 125 (64 0 104 ) (248 0 104 ) (248 -28 104 ) (64 -28 104 ) 
4 120 124 (248 0 104 ) (256 0 104 ) (256 -28 104 ) (248 -28 104 ) 
4 120 121 (64 0 104 ) (64 -28 104 ) (64 -28 124 ) (64 0 124 ) 
4 121 322 (0 0 124 ) (0 0 104 ) (0 -28 104 ) (0 -28 124 ) 
4 121 139 (0 -36 104 ) (0 0 104 ) (64 0 104 ) (64 -36 104 ) 
4 122 372 (0 -192 104 ) (0 -734.031006 104 ) (0 -734.031006 224 ) (0 -192 224 ) 
4 122 369 (0 -176 224 ) (0 -176 104 ) (0 -192 104 ) (0 -192 224 ) 
4 122 368 (0 -734.031006 791.906982 ) (0 -192 791.906982 ) (0 -192 224 ) (0 -734.031006 224 ) 
4 122 365 (0 -192 791.906982 ) (0 -176 791.906982 ) (0 -176 224 ) (0 -192 224 ) 
4 122 335 (0 -160 256 ) (0 -160 104 ) (0 -176 104 ) (0 -176 256 ) 
4 122 334 (0 -176 791.906982 ) (0 -160 791.906982 ) (0 -160 256 ) (0 -176 256 ) 
4 122 156 (0 -734.031006 104 ) (0 -208 104 ) (224 -208 104 ) (224 -734.031006 104 ) 
4 122 152 (0 -208 104 ) (0 -160 104 ) (144 -160 104 ) (144 -208 104 ) 
4 122 151 (224 -160 104 ) (809.874023 -160 104 ) (809.874023 -734.031006 104 ) (224 -734.031006 104 ) 
4 123 145 (256 0 -32 ) (809.874023 0 -32 ) (809.874023 -40 -32 ) (256 -40 -32 ) 
4 123 137 (256 -40 -32 ) (809.874023 -40 -32 ) (809.874023 -40 -16 ) (256 -40 -16 ) 
4 123 127 (809.874023 -40 -16 ) (809.874023 -40 104 ) (256 -40 104 ) (256 -40 -16 ) 
4 123 124 (256 0 -32 ) (256 -32 -32 ) (256 -32 104 ) (256 0 104 ) 
4 124 125 (248 0 -32 ) (248 -32 -32 ) (248 -32 104 ) (248 0 104 ) 
4 125 143 (64 0 -32 ) (64 -32 -32 ) (64 -32 -24 ) (64 0 -24 ) 
4 125 142 (64 -32 -24 ) (64 -32 -16 ) (64 0 -16 ) (64 0 -24 ) 
4 125 139 (64 -32 -16 ) (64 -32 104 ) (64 0 104 ) (64 0 -16 ) 
4 125 126 (100 -32 -32 ) (144 -32 -32 ) (144 -32 104 ) (100 -32 104 ) 
4 126 138 (100 -40 -32 ) (144 -40 -32 ) (144 -40 -16 ) (100 -40 -16 ) 
4 126 129 (144 -40 -16 ) (144 -40 104 ) (100 -40 104 ) (100 -40 -16 ) 
4 127 148 (809.874023 -152 104 ) (256 -152 104 ) (256 -152 -16 ) (809.874023 -152 -16 ) 
4 127 137 (809.874023 -152 -16 ) (256 -152 -16 ) (256 -40 -16 ) (809.874023 -40 -16 ) 
4 128 153 (160 -152 -16 ) (208 -152 -16 ) (208 -152 96 ) (160 -152 96 ) 
4 128 132 (152 -56 -16 ) (152 -152 -16 ) (152 -152 104 ) (152 -56 104 ) 
4 129 138 (100 -40 -16 ) (144 -40 -16 ) (144 -48 -16 ) (100 -48 -16 ) 
4 130 131 (72 -48 104 ) (72 -48 -16 ) (92 -48 -16 ) (92 -48 104 ) 
4 131 135 (72 -56 104 ) (72 -56 -16 ) (92 -56 -16 ) (92 -56 104 ) 
4 132 133 (140 -56 104 ) (140 -56 24 ) (140 -62 24 ) (140 -62 104 ) 
4 132 134 (140 -62 -16 ) (140 -152 -16 ) (140 -152 104 ) (140 -62 104 ) 
4 133 134 (120 -62 104 ) (120 -62 24 ) (140 -62 24 ) (140 -62 104 ) 
4 133 135 (120 -56 104 ) (120 -56 24 ) (120 -62 24 ) (120 -62 104 ) 
4 134 135 (120 -62 -16 ) (120 -152 -16 ) (120 -152 104 ) (120 -62 104 ) 
4 135 136 (72 -78 -16 ) (72 -126 -16 ) (72 -126 92 ) (72 -78 92 ) 
4 136 141 (64 -126 92 ) (64 -78 92 ) (64 -78 -16 ) (64 -126 -16 ) 
4 137 148 (809.874023 -152 -16 ) (256 -152 -16 ) (256 -152 -32 ) (809.874023 -152 -32 ) 
4 137 145 (809.874023 -152 -32 ) (256 -152 -32 ) (256 -40 -32 ) (809.874023 -40 -32 ) 
4 139 325 (0 0 92 ) (0 0 -16 ) (0 -32 -16 ) (0 -32 92 ) 
4 139 324 (0 -32 104 ) (0 0 104 ) (0 0 92 ) (0 -32 92 ) 
4 139 142 (64 0 -16 ) (64 -48 -16 ) (0 -48 -16 ) (0 0 -16 ) 
4 139 140 (64 -48 -15 ) (64 -48 104 ) (0 -48 104 ) (0 -48 -15 ) 
4 140 141 (64 -56 -15 ) (64 -56 104 ) (0 -56 104 ) (0 -56 -15 ) 
4 141 326 (0 -126 92 ) (0 -78 92 ) (0 -78 -16 ) (0 -126 -16 ) 
4 142 327 (0 -32 -16 ) (0 0 -16 ) (0 0 -24 ) (0 -32 -24 ) 
4 142 144 (64 -32 -24 ) (64 -40 -24 ) (0 -40 -24 ) (0 -32 -24 ) 
4 142 143 (0 0 -24 ) (64 0 -24 ) (64 -32 -24 ) (0 -32 -24 ) 
4 143 327 (0 -32 -24 ) (0 0 -24 ) (0 0 -32 ) (0 -32 -32 ) 
4 143 144 (64 -32 -31 ) (64 -32 -24 ) (0 -32 -24 ) (0 -32 -31 ) 
4 145 149 (809.874023 -152 -32 ) (256 -152 -32 ) (256 -152 -64 ) (809.874023 -152 -64 ) 
4 145 147 (809.874023 -152 -64 ) (256 -152 -64 ) (256 0 -64 ) (809.874023 0 -64 ) 
4 145 146 (256 -44.799999 -64 ) (256 -83.199997 -64 ) (256 -83.199997 -32 ) (256 -44.799999 -32 ) 
4 146 147 (192 -83.199997 -64 ) (192 -44.799999 -64 ) (256 -44.799999 -64 ) (256 -83.199997 -64 ) 
4 147 360 (0 -152 -611.906982 ) (0 -152 -64 ) (0 0 -64 ) (0 0 -611.906982 ) 
4 147 159 (144 -152 -64 ) (0 -152 -64 ) (0 -152 -611.906982 ) (144 -152 -611.906982 ) 
4 147 157 (224 -152 -64 ) (144 -152 -64 ) (144 -152 -611.906982 ) (224 -152 -611.906982 ) 
4 147 150 (256 -152 -64 ) (224 -152 -64 ) (224 -152 -611.906982 ) (256 -152 -611.906982 ) 
4 147 149 (809.874023 -152 -64 ) (256 -152 -64 ) (256 -152 -611.906982 ) (809.874023 -152 -611.906982 ) 
4 148 151 (256 -160 -32 ) (809.874023 -160 -32 ) (809.874023 -160 104 ) (256 -160 104 ) 
4 148 149 (809.874023 -160 -32 ) (256 -160 -32 ) (256 -152 -32 ) (809.874023 -152 -32 ) 
4 149 151 (256 -160 -611.906982 ) (809.874023 -160 -611.906982 ) (809.874023 -160 -32 ) (256 -160 -32 ) 
4 149 150 (256 -152 -611.906982 ) (256 -160 -611.906982 ) (256 -160 -64 ) (256 -152 -64 ) 
4 150 157 (224 -152 -64 ) (224 -152 -611.906982 ) (224 -160 -611.906982 ) (224 -160 -64 ) 
4 150 151 (224 -160 -64 ) (224 -160 -611.906982 ) (256 -160 -611.906982 ) (256 -160 -64 ) 
4 151 158 (224 -208 -611.906982 ) (224 -734.031006 -611.906982 ) (224 -734.031006 -16 ) (224 -208 -16 ) 
4 151 157 (224 -160 -611.906982 ) (224 -208 -611.906982 ) (224 -208 -64 ) (224 -160 -64 ) 
4 151 156 (224 -734.031006 -16 ) (224 -734.031006 104 ) (224 -208 104 ) (224 -208 -16 ) 
4 152 372 (0 -208 104 ) (0 -192 104 ) (0 -192 96 ) (0 -208 96 ) 
4 152 369 (0 -192 104 ) (0 -176 104 ) (0 -176 96 ) (0 -192 96 ) 
4 152 335 (0 -176 104 ) (0 -160 104 ) (0 -160 96 ) (0 -176 96 ) 
4 152 156 (144 -208 104 ) (0 -208 104 ) (0 -208 96 ) (144 -208 96 ) 
4 152 155 (144 -208 96 ) (0 -208 96 ) (0 -160 96 ) (144 -160 96 ) 
4 153 154 (160 -160 -16 ) (208 -160 -16 ) (208 -160 96 ) (160 -160 96 ) 
4 155 372 (0 -192 -16 ) (0 -208 -16 ) (0 -208 96 ) (0 -192 96 ) 
4 155 371 (0 -176 -16 ) (0 -192 -16 ) (0 -192 96 ) (0 -176 96 ) 
4 155 335 (0 -160 -16 ) (0 -176 -16 ) (0 -176 96 ) (0 -160 96 ) 
4 155 160 (0 -208 -16 ) (0 -160 -16 ) (144 -160 -16 ) (144 -208 -16 ) 
4 155 156 (0 -208 -16 ) (144 -208 -16 ) (144 -208 96 ) (0 -208 96 ) 
4 156 372 (0 -734.031006 104 ) (0 -208 104 ) (0 -208 -16 ) (0 -734.031006 -16 ) 
4 156 160 (0 -734.031006 -16 ) (0 -208 -16 ) (144 -208 -16 ) (144 -734.031006 -16 ) 
4 156 158 (144 -208 -16 ) (224 -208 -16 ) (224 -734.031006 -16 ) (144 -734.031006 -16 ) 
4 157 160 (144 -160 -611.906982 ) (144 -208 -611.906982 ) (144 -208 -64 ) (144 -160 -64 ) 
4 157 159 (144 -152 -611.906982 ) (144 -160 -611.906982 ) (144 -160 -64 ) (144 -152 -64 ) 
4 157 158 (144 -208 -64 ) (144 -208 -611.906982 ) (224 -208 -611.906982 ) (224 -208 -64 ) 
4 158 160 (144 -208 -611.906982 ) (144 -734.031006 -611.906982 ) (144 -734.031006 -16 ) (144 -208 -16 ) 
4 159 360 (0 -152 -64 ) (0 -152 -611.906982 ) (0 -160 -611.906982 ) (0 -160 -64 ) 
4 159 160 (0 -160 -611.906982 ) (144 -160 -611.906982 ) (144 -160 -64 ) (0 -160 -64 ) 
4 160 372 (0 -734.031006 -16 ) (0 -192 -16 ) (0 -192 -611.906982 ) (0 -734.031006 -611.906982 ) 
4 160 371 (0 -192 -16 ) (0 -176 -16 ) (0 -176 -611.906982 ) (0 -192 -611.906982 ) 
4 160 360 (0 -160 -64 ) (0 -160 -611.906982 ) (0 -176 -611.906982 ) (0 -176 -64 ) 
4 160 335 (0 -176 -16 ) (0 -160 -16 ) (0 -160 -48 ) (0 -176 -48 ) 
4 160 337 (0 -160 -48 ) (0 -160 -64 ) (0 -176 -64 ) (0 -176 -48 ) 
4 161 220 (-96 975.031006 64 ) (-96 448 64 ) (-96 448 791.906982 ) (-96 975.031006 791.906982 ) 
4 161 185 (-96 448 64 ) (-96 975.031006 64 ) (0 975.031006 64 ) (0 448 64 ) 
4 161 162 (0 448 192 ) (0 448 791.906982 ) (-96 448 791.906982 ) (-96 448 192 ) 
4 162 220 (-96 432 192 ) (-96 432 791.906982 ) (-96 448 791.906982 ) (-96 448 192 ) 
4 162 172 (-96 432 791.906982 ) (-96 432 240 ) (-64 432 240 ) (-64 432 791.906982 ) 
4 162 163 (0 432 208 ) (0 432 791.906982 ) (-64 432 791.906982 ) (-64 432 208 ) 
4 163 174 (0 128 256 ) (0 128 791.906982 ) (-64 128 791.906982 ) (-64 128 256 ) 
4 163 173 (-64 216 208 ) (-64 128 208 ) (-64 128 240 ) (-64 216 240 ) 
4 163 172 (-64 432 791.906982 ) (-64 432 240 ) (-64 128 240 ) (-64 128 791.906982 ) 
4 163 164 (0 128 208 ) (-64 128 208 ) (-64 360 208 ) (0 360 208 ) 
4 164 173 (-64 216 192 ) (-64 128 192 ) (-64 128 208 ) (-64 216 208 ) 
4 165 170 (-64 420 172 ) (-64 420 64 ) (-2 420 64 ) (-2 420 172 ) 
4 165 167 (-64 420 176 ) (-64 420 172 ) (-2 420 172 ) (-2 420 176 ) 
4 165 166 (0 420 192 ) (-64 420 192 ) (-64 420 176 ) (0 420 176 ) 
4 166 168 (0 368 176 ) (0 368 182.399994 ) (-64 368 182.399994 ) (-64 368 176 ) 
4 166 167 (-2 368 176 ) (-64 368 176 ) (-64 420 176 ) (-2 420 176 ) 
4 167 170 (-64 368 172 ) (-64 420 172 ) (-2 420 172 ) (-2 368 172 ) 
4 167 168 (-64 368 172 ) (-2 368 172 ) (-2 368 176 ) (-64 368 176 ) 
4 168 171 (-64 355 172 ) (-64 368 172 ) (0 368 172 ) (0 355 172 ) 
4 169 170 (-2 370 172 ) (-2 418 172 ) (-2 418 64 ) (-2 370 64 ) 
4 170 171 (-2 368 172 ) (-64 368 172 ) (-64 368 64 ) (-2 368 64 ) 
4 171 212 (-62.545502 216 64 ) (-64 216 64 ) (-64 358 64 ) (-62.545502 358 64 ) 
4 171 190 (-1.454540 216 64 ) (-6 216 64 ) (-6 328 64 ) (-1.454540 328 64 ) 
4 171 191 (-6 216 64 ) (-62.545502 216 64 ) (-62.545502 328 64 ) (-6 328 64 ) 
4 171 187 (-62.545502 328 64 ) (-62.545502 358 64 ) (-1.454540 358 64 ) (-1.454540 328 64 ) 
4 171 186 (0 358 64 ) (0 216 64 ) (-1.454540 216 64 ) (-1.454540 358 64 ) 
4 172 225 (-96 128 240 ) (-96 128 256 ) (-96 376 256 ) (-96 376 240 ) 
4 172 221 (-96 128 256 ) (-96 128 791.906982 ) (-96 376 791.906982 ) (-96 376 256 ) 
4 172 220 (-96 376 791.906982 ) (-96 432 791.906982 ) (-96 432 240 ) (-96 376 240 ) 
4 172 181 (-96 128 791.906982 ) (-96 128 256 ) (-64 128 256 ) (-64 128 791.906982 ) 
4 172 173 (-64 216 240 ) (-64 128 240 ) (-96 128 240 ) (-96 216 240 ) 
4 173 236 (-96 128 192 ) (-96 128 240 ) (-96 160 240 ) (-96 160 192 ) 
4 174 316 (0 0 256 ) (0 0 791.906982 ) (-64 0 791.906982 ) (-64 0 256 ) 
4 174 181 (-64 128 791.906982 ) (-64 128 256 ) (-64 0 256 ) (-64 0 791.906982 ) 
4 174 175 (-64 0 256 ) (-64 48 256 ) (0 48 256 ) (0 0 256 ) 
4 175 318 (0 0 236 ) (0 0 240 ) (-64 0 240 ) (-64 0 236 ) 
4 175 317 (0 0 240 ) (0 0 256 ) (-64 0 256 ) (-64 0 240 ) 
4 175 182 (-64 4 236 ) (-64 0 236 ) (-64 0 256 ) (-64 4 256 ) 
4 175 177 (0 0 236 ) (-64 0 236 ) (-64 48 236 ) (0 48 236 ) 
4 176 178 (-64 56 224 ) (-64 120 224 ) (0 120 224 ) (0 56 224 ) 
4 177 318 (0 0 224 ) (0 0 236 ) (-64 0 236 ) (-64 0 224 ) 
4 177 182 (-64 4 224 ) (-64 0 224 ) (-64 0 236 ) (-64 4 236 ) 
4 177 179 (-64 0 224 ) (-64 48 224 ) (0 48 224 ) (0 0 224 ) 
4 179 322 (0 0 124 ) (0 0 158.235992 ) (-64 0 158.235992 ) (-64 0 124 ) 
4 179 318 (0 0 158.235992 ) (0 0 224 ) (-64 0 224 ) (-64 0 158.235992 ) 
4 179 182 (-64 4 124 ) (-64 0 124 ) (-64 0 224 ) (-64 4 224 ) 
4 179 180 (0 0 124 ) (-64 0 124 ) (-64 32 124 ) (0 32 124 ) 
4 180 322 (0 0 104 ) (0 0 124 ) (-64 0 124 ) (-64 0 104 ) 
4 180 184 (0 32 104 ) (0 0 104 ) (-64 0 104 ) (-64 32 104 ) 
4 180 183 (-64 32 104 ) (-64 0 104 ) (-64 0 124 ) (-64 32 124 ) 
4 181 316 (-96 0 791.906982 ) (-96 0 256 ) (-64 0 256 ) (-64 0 791.906982 ) 
4 181 221 (-96 0 256 ) (-96 0 791.906982 ) (-96 128 791.906982 ) (-96 128 256 ) 
4 181 182 (-96 0 256 ) (-96 4 256 ) (-64 4 256 ) (-64 0 256 ) 
4 182 322 (-96 0 158.235992 ) (-96 0 124 ) (-64 0 124 ) (-64 0 158.235992 ) 
4 182 319 (-96 0 240 ) (-96 0 158.235992 ) (-69 0 158.235992 ) (-69 0 240 ) 
4 182 318 (-69 0 158.235992 ) (-64 0 158.235992 ) (-64 0 240 ) (-69 0 240 ) 
4 182 317 (-96 0 256 ) (-96 0 240 ) (-64 0 240 ) (-64 0 256 ) 
4 182 237 (-96 0 124 ) (-96 0 240 ) (-96 4 240 ) (-96 4 124 ) 
4 182 227 (-96 0 240 ) (-96 0 256 ) (-96 4 256 ) (-96 4 240 ) 
4 182 183 (-96 0 124 ) (-96 4 124 ) (-64 4 124 ) (-64 0 124 ) 
4 183 322 (-96 0 124 ) (-96 0 104 ) (-64 0 104 ) (-64 0 124 ) 
4 183 238 (-96 0 104 ) (-96 0 124 ) (-96 32 124 ) (-96 32 104 ) 
4 183 184 (-96 0 104 ) (-96 32 104 ) (-64 32 104 ) (-64 0 104 ) 
4 184 328 (-8 0 104 ) (-96 0 104 ) (-96 0 64 ) (-8 0 64 ) 
4 184 325 (0 0 64 ) (0 0 92 ) (-8 0 92 ) (-8 0 64 ) 
4 184 324 (0 0 92 ) (0 0 104 ) (-8 0 104 ) (-8 0 92 ) 
4 184 301 (-96 32 64 ) (-96 0 64 ) (-96 0 100 ) (-96 32 100 ) 
4 184 299 (-96 0 100 ) (-96 0 104 ) (-96 32 104 ) (-96 32 100 ) 
4 184 215 (-96 0 64 ) (-96 32 64 ) (-62.545502 32 64 ) (-62.545502 0 64 ) 
4 184 211 (-62.545502 32 64 ) (0 32 64 ) (0 0 64 ) (-62.545502 0 64 ) 
4 185 220 (-96 975.031006 -611.906982 ) (-96 432 -611.906982 ) (-96 432 64 ) (-96 975.031006 64 ) 
4 185 219 (0 432 -611.906982 ) (0 432 -96 ) (-96 432 -96 ) (-96 432 -611.906982 ) 
4 185 216 (0 432 -96 ) (0 432 -64 ) (-64 432 -64 ) (-64 432 -96 ) 
4 185 217 (-64 432 -64 ) (-96 432 -64 ) (-96 432 -96 ) (-64 432 -96 ) 
4 185 214 (-64 432 64 ) (-96 432 64 ) (-96 432 -64 ) (-64 432 -64 ) 
3 186 202 (-1.454540 216 -48 ) (-1.454540 216 -40 ) (-1.454540 226.142853 -40 ) 
4 186 201 (-1.454540 216 -40 ) (-1.454540 216 -32 ) (-1.454540 236.285706 -32 ) (-1.454540 226.142853 -40 ) 
4 186 200 (-1.454540 216 -32 ) (-1.454540 216 -24 ) (-1.454540 246.428558 -24 ) (-1.454540 236.285706 -32 ) 
4 186 199 (-1.454540 216 -24 ) (-1.454540 216 -16 ) (-1.454540 256.571411 -16 ) (-1.454540 246.428558 -24 ) 
4 186 198 (-1.454540 216 -16 ) (-1.454540 216 -8 ) (-1.454540 266.714294 -8 ) (-1.454540 256.571411 -16 ) 
4 186 197 (-1.454540 216 -8 ) (-1.454540 216 0 ) (-1.454540 276.857147 0 ) (-1.454540 266.714294 -8 ) 
5 186 195 (-1.454540 216 0 ) (-1.454540 216 32 ) (-1.454540 292 32 ) (-1.454540 292 11.943655 ) (-1.454540 276.857147 0 ) 
3 186 194 (-1.454540 297.142853 16 ) (-1.454540 292 11.943655 ) (-1.454540 292 16 ) 
4 186 193 (-1.454540 307.285706 24 ) (-1.454540 297.142853 16 ) (-1.454540 292 16 ) (-1.454540 292 24 ) 
4 186 192 (-1.454540 292 32 ) (-1.454540 317.428589 32 ) (-1.454540 307.285706 24 ) (-1.454540 292 24 ) 
5 186 190 (-1.454540 216 32 ) (-1.454540 216 64 ) (-1.454540 328 64 ) (-1.454540 328 40.338020 ) (-1.454540 317.428589 32 ) 
3 186 189 (-1.454540 337.714294 48 ) (-1.454540 328 40.338020 ) (-1.454540 328 48 ) 
4 186 188 (-1.454540 347.857147 56 ) (-1.454540 337.714294 48 ) (-1.454540 328 48 ) (-1.454540 328 56 ) 
4 186 187 (-1.454540 328 64 ) (-1.454540 358 64 ) (-1.454540 347.857147 56 ) (-1.454540 328 56 ) 
4 187 212 (-62.545502 347.857147 56 ) (-62.545502 328 56 ) (-62.545502 328 64 ) (-62.545502 358 64 ) 
4 187 190 (-6 328 56 ) (-1.454540 328 56 ) (-1.454540 328 64 ) (-6 328 64 ) 
4 187 191 (-62.545502 328 64 ) (-62.545502 328 56 ) (-6 328 56 ) (-6 328 64 ) 
4 187 188 (-1.454540 328 56 ) (-62.545502 328 56 ) (-62.545502 348 56 ) (-1.454540 348 56 ) 
4 188 212 (-62.545502 337.714294 48 ) (-62.545502 328 48 ) (-62.545502 328 56 ) (-62.545502 347.857147 56 ) 
4 188 190 (-6 328 48 ) (-1.454540 328 48 ) (-1.454540 328 56 ) (-6 328 56 ) 
4 188 191 (-62.545502 328 56 ) (-62.545502 328 48 ) (-6 328 48 ) (-6 328 56 ) 
4 188 189 (-1.454540 328 48 ) (-62.545502 328 48 ) (-62.545502 338 48 ) (-1.454540 338 48 ) 
3 189 212 (-62.545502 328 40.338013 ) (-62.545502 328 48 ) (-62.545502 337.714294 48 ) 
4 189 190 (-6 328 40 ) (-1.454540 328 40 ) (-1.454540 328 48 ) (-6 328 48 ) 
4 189 191 (-62.545502 328 48 ) (-62.545502 328 40 ) (-6 328 40 ) (-6 328 48 ) 
4 190 195 (-1.454540 292 32 ) (-1.454540 216 32 ) (-6 216 32 ) (-6 292 32 ) 
4 190 192 (-1.454540 320 32 ) (-1.454540 292 32 ) (-6 292 32 ) (-6 320 32 ) 
4 190 191 (-6 328 64 ) (-6 328 32 ) (-6 216 32 ) (-6 216 64 ) 
4 191 213 (-62.545502 216 32 ) (-62.545502 200 32 ) (-62.545502 200 64 ) (-62.545502 216 64 ) 
5 191 212 (-62.545502 317.428589 32 ) (-62.545502 216 32 ) (-62.545502 216 64 ) (-62.545502 328 64 ) (-62.545502 328 40.338013 ) 
4 191 209 (-62.545502 200 44 ) (-62.545502 200 32 ) (-6 200 32 ) (-6 200 44 ) 
4 191 207 (-62.545502 200 48 ) (-62.545502 200 44 ) (-6 200 44 ) (-6 200 48 ) 
4 191 206 (-62.545502 200 64 ) (-62.545502 200 48 ) (-6 200 48 ) (-6 200 64 ) 
4 191 196 (-6 200 32 ) (-62.545502 200 32 ) (-62.545502 292 32 ) (-6 292 32 ) 
4 191 192 (-62.545502 292 32 ) (-62.545502 320 32 ) (-6 320 32 ) (-6 292 32 ) 
4 192 212 (-62.545502 307.285736 24 ) (-62.545502 292 24 ) (-62.545502 292 32 ) (-62.545502 317.428589 32 ) 
4 192 195 (-1.454540 292 24 ) (-1.454540 292 32 ) (-6 292 32 ) (-6 292 24 ) 
4 192 196 (-6 292 32 ) (-62.545502 292 32 ) (-62.545502 292 24 ) (-6 292 24 ) 
4 192 193 (-1.454540 292 24 ) (-62.545502 292 24 ) (-62.545502 312 24 ) (-1.454540 312 24 ) 
4 193 212 (-62.545502 297.142883 16 ) (-62.545502 292 16 ) (-62.545502 292 24 ) (-62.545502 307.285736 24 ) 
4 193 195 (-1.454540 292 16 ) (-1.454540 292 24 ) (-6 292 24 ) (-6 292 16 ) 
4 193 196 (-6 292 24 ) (-62.545502 292 24 ) (-62.545502 292 16 ) (-6 292 16 ) 
4 193 194 (-1.454540 292 16 ) (-62.545502 292 16 ) (-62.545502 302 16 ) (-1.454540 302 16 ) 
3 194 212 (-62.545502 292 11.943651 ) (-62.545502 292 16 ) (-62.545502 297.142883 16 ) 
4 194 195 (-1.454540 292 8 ) (-1.454540 292 16 ) (-6 292 16 ) (-6 292 8 ) 
4 194 196 (-6 292 16 ) (-62.545502 292 16 ) (-62.545502 292 8 ) (-6 292 8 ) 
4 195 197 (-1.454540 282 0 ) (-1.454540 216 0 ) (-6 216 0 ) (-6 282 0 ) 
4 195 196 (-6 292 32 ) (-6 292 0 ) (-6 216 0 ) (-6 216 32 ) 
4 196 213 (-62.545502 216 0 ) (-62.545502 200 0 ) (-62.545502 200 32 ) (-62.545502 216 32 ) 
5 196 212 (-62.545502 276.857147 0 ) (-62.545502 216 0 ) (-62.545502 216 32 ) (-62.545502 292 32 ) (-62.545502 292 11.943651 ) 
4 196 209 (-62.545502 200 32 ) (-62.545502 200 0 ) (-6 200 0 ) (-6 200 32 ) 
4 196 204 (-6 200 0 ) (-62.545502 200 0 ) (-62.545502 216 0 ) (-6 216 0 ) 
4 196 197 (-62.545502 216 0 ) (-62.545502 282 0 ) (-6 282 0 ) (-6 216 0 ) 
4 197 212 (-62.545502 266.714294 -8 ) (-62.545502 216 -8 ) (-62.545502 216 0 ) (-62.545502 276.857147 0 ) 
4 197 204 (-6 216 0 ) (-62.545502 216 0 ) (-62.545502 216 -8 ) (-6 216 -8 ) 
4 197 198 (-1.454540 216 -8 ) (-62.545502 216 -8 ) (-62.545502 274 -8 ) (-1.454540 274 -8 ) 
4 198 212 (-62.545502 256.571442 -16 ) (-62.545502 216 -16 ) (-62.545502 216 -8 ) (-62.545502 266.714294 -8 ) 
4 198 204 (-6 216 -8 ) (-62.545502 216 -8 ) (-62.545502 216 -16 ) (-6 216 -16 ) 
4 198 199 (-1.454540 216 -16 ) (-62.545502 216 -16 ) (-62.545502 264 -16 ) (-1.454540 264 -16 ) 
4 199 212 (-62.545502 246.428574 -24 ) (-62.545502 216 -24 ) (-62.545502 216 -16 ) (-62.545502 256.571442 -16 ) 
4 199 204 (-6 216 -16 ) (-62.545502 216 -16 ) (-62.545502 216 -24 ) (-6 216 -24 ) 
4 199 200 (-1.454540 216 -24 ) (-62.545502 216 -24 ) (-62.545502 254 -24 ) (-1.454540 254 -24 ) 
4 200 212 (-62.545502 236.285721 -32 ) (-62.545502 216 -32 ) (-62.545502 216 -24 ) (-62.545502 246.428574 -24 ) 
4 200 204 (-6 216 -24 ) (-62.545502 216 -24 ) (-62.545502 216 -32 ) (-6 216 -32 ) 
4 200 201 (-1.454540 216 -32 ) (-62.545502 216 -32 ) (-62.545502 244 -32 ) (-1.454540 244 -32 ) 
4 201 212 (-62.545502 226.142853 -40 ) (-62.545502 216 -40 ) (-62.545502 216 -32 ) (-62.545502 236.285721 -32 ) 
4 201 204 (-6 216 -32 ) (-62.545502 216 -32 ) (-62.545502 216 -40 ) (-6 216 -40 ) 
4 201 202 (-1.454540 216 -40 ) (-62.545502 216 -40 ) (-62.545502 234 -40 ) (-1.454540 234 -40 ) 
3 202 212 (-62.545502 216 -48 ) (-62.545502 216 -40 ) (-62.545502 226.142853 -40 ) 
4 202 204 (-6 216 -40 ) (-62.545502 216 -40 ) (-62.545502 216 -48 ) (-6 216 -48 ) 
4 202 203 (-1.454540 216 -48 ) (-62.545502 216 -48 ) (-62.545502 224 -48 ) (-1.454540 224 -48 ) 
4 203 204 (-6 216 -48 ) (-62.545502 216 -48 ) (-62.545502 216 -56 ) (-6 216 -56 ) 
4 204 213 (-62.545502 216 -64 ) (-62.545502 200 -64 ) (-62.545502 200 0 ) (-62.545502 216 0 ) 
4 204 209 (-62.545502 200 0 ) (-62.545502 200 -64 ) (-6 200 -64 ) (-6 200 0 ) 
4 205 206 (-2 200 64 ) (-2 200 48 ) (-2 144 48 ) (-2 144 64 ) 
4 206 213 (-62.545502 144 48 ) (-62.545502 144 64 ) (-62.545502 200 64 ) (-62.545502 200 48 ) 
4 206 210 (-62.545502 144 64 ) (-62.545502 144 48 ) (-6 144 48 ) (-6 144 64 ) 
4 206 207 (-4 144 48 ) (-62.545502 144 48 ) (-62.545502 200 48 ) (-4 200 48 ) 
4 207 213 (-62.545502 144 44 ) (-62.545502 144 48 ) (-62.545502 200 48 ) (-62.545502 200 44 ) 
4 207 210 (-62.545502 144 48 ) (-62.545502 144 44 ) (-6 144 44 ) (-6 144 48 ) 
4 207 209 (-4 144 44 ) (-62.545502 144 44 ) (-62.545502 200 44 ) (-4 200 44 ) 
4 208 209 (-4 148 44 ) (-4 196 44 ) (-4 196 -64 ) (-4 148 -64 ) 
4 209 213 (-62.545502 200 -64 ) (-62.545502 144 -64 ) (-62.545502 144 44 ) (-62.545502 200 44 ) 
4 209 210 (-62.545502 144 44 ) (-62.545502 144 -64 ) (-6 144 -64 ) (-6 144 44 ) 
4 210 213 (-62.545502 144 -64 ) (-62.545502 128 -64 ) (-62.545502 128 64 ) (-62.545502 144 64 ) 
4 211 330 (-62.545502 0 -16 ) (-62.545502 0 -32 ) (-8 0 -32 ) (-8 0 -16 ) 
4 211 328 (-8 0 64 ) (-62.545502 0 64 ) (-62.545502 0 -16 ) (-8 0 -16 ) 
4 211 327 (0 0 -32 ) (0 0 -16 ) (-8 0 -16 ) (-8 0 -32 ) 
4 211 325 (0 0 -16 ) (0 0 64 ) (-8 0 64 ) (-8 0 -16 ) 
4 211 215 (-62.545502 0 -32 ) (-62.545502 0 64 ) (-62.545502 32 64 ) (-62.545502 32 -32 ) 
4 212 213 (-64 216 64 ) (-64 216 -48 ) (-62.545502 216 -48 ) (-62.545502 216 64 ) 
4 214 257 (-96 376 -16 ) (-96 376 -64 ) (-96 360 -64 ) (-96 360 -16 ) 
4 214 256 (-96 376 -8 ) (-96 376 -16 ) (-96 360 -16 ) (-96 360 -8 ) 
4 214 220 (-96 376 64 ) (-96 432 64 ) (-96 432 -64 ) (-96 376 -64 ) 
4 214 217 (-96 360 -64 ) (-96 432 -64 ) (-64 432 -64 ) (-64 360 -64 ) 
4 215 330 (-96 0 -16 ) (-96 0 -32 ) (-62.545502 0 -32 ) (-62.545502 0 -16 ) 
4 215 328 (-62.545502 0 64 ) (-96 0 64 ) (-96 0 -16 ) (-62.545502 0 -16 ) 
4 215 304 (-96 0 -32 ) (-96 0 -24 ) (-96 24 -24 ) (-96 24 -32 ) 
4 215 303 (-96 0 -24 ) (-96 0 -16 ) (-96 32 -16 ) (-96 32 -24 ) 
4 215 302 (-96 0 -16 ) (-96 0 -8 ) (-96 32 -8 ) (-96 32 -16 ) 
4 215 301 (-96 0 -8 ) (-96 0 64 ) (-96 32 64 ) (-96 32 -8 ) 
4 216 219 (-64 432 -96 ) (0 432 -96 ) (0 384 -96 ) (-64 384 -96 ) 
4 216 217 (-64 432 -96 ) (-64 384 -96 ) (-64 384 -64 ) (-64 432 -64 ) 
4 217 257 (-96 216 -64 ) (-96 376 -64 ) (-96 376 -96 ) (-96 216 -96 ) 
4 217 220 (-96 376 -64 ) (-96 432 -64 ) (-96 432 -96 ) (-96 376 -96 ) 
4 217 219 (-96 216 -96 ) (-96 432 -96 ) (-64 432 -96 ) (-64 216 -96 ) 
4 218 360 (0 0 -96 ) (0 0 -64 ) (-96 0 -64 ) (-96 0 -96 ) 
4 218 315 (-96 0 -96 ) (-96 0 -64 ) (-96 80 -64 ) (-96 80 -96 ) 
4 218 259 (-96 80 -64 ) (-96 96 -64 ) (-96 96 -96 ) (-96 80 -96 ) 
4 218 219 (0 0 -96 ) (-96 0 -96 ) (-96 96 -96 ) (0 96 -96 ) 
4 219 360 (0 0 -611.906982 ) (0 0 -96 ) (-96 0 -96 ) (-96 0 -611.906982 ) 
4 219 315 (-96 0 -611.906982 ) (-96 0 -96 ) (-96 80 -96 ) (-96 80 -611.906982 ) 
4 219 259 (-96 80 -96 ) (-96 96 -96 ) (-96 96 -611.906982 ) (-96 80 -611.906982 ) 
4 219 257 (-96 96 -96 ) (-96 376 -96 ) (-96 376 -611.906982 ) (-96 96 -611.906982 ) 
4 219 220 (-96 376 -96 ) (-96 432 -96 ) (-96 432 -611.906982 ) (-96 376 -611.906982 ) 
4 220 296 (-512 376 -611.906982 ) (-97.295403 376 -611.906982 ) (-97.295403 376 -32 ) (-512 376 -32 ) 
4 220 298 (-1016.869995 376 -611.906982 ) (-512 376 -611.906982 ) (-512 376 -32 ) (-1016.869995 376 -32 ) 
4 220 295 (-704 376 104 ) (-1016.869995 376 104 ) (-1016.869995 376 -32 ) (-704 376 -32 ) 
4 220 294 (-512 376 104 ) (-704 376 104 ) (-704 376 -32 ) (-512 376 -32 ) 
4 220 293 (-504 376 104 ) (-512 376 104 ) (-512 376 -32 ) (-504 376 -32 ) 
4 220 292 (-320 376 104 ) (-504 376 104 ) (-504 376 -32 ) (-320 376 -32 ) 
4 220 288 (-160 376 -7.916450 ) (-160 376 0 ) (-304 376 0 ) (-304 376 -7.916450 ) 
4 220 287 (-160 376 104 ) (-320 376 104 ) (-320 376 0 ) (-160 376 0 ) 
4 220 277 (-159 376 104 ) (-160 376 104 ) (-160 376 -7.916450 ) (-159 376 -7.916450 ) 
4 220 276 (-156 376 -8 ) (-156 376 -16 ) (-153 376 -16 ) (-153 376 -8 ) 
4 220 275 (-153 376 -8 ) (-153 376 -16 ) (-151.705002 376 -16 ) (-151.705002 376 -8 ) 
4 220 273 (-97.295403 376 -16 ) (-97.295403 376 -8 ) (-151.705002 376 -8 ) (-151.705002 376 -16 ) 
4 220 289 (-97.295403 376 -32 ) (-97.295403 376 -16 ) (-320 376 -16 ) (-320 376 -32 ) 
4 220 257 (-97.295403 376 -611.906982 ) (-96 376 -611.906982 ) (-96 376 -16 ) (-97.295403 376 -16 ) 
4 220 256 (-96 376 -16 ) (-96 376 -8 ) (-97.295403 376 -8 ) (-97.295403 376 -16 ) 
4 220 253 (-704 376 240 ) (-1016.869995 376 240 ) (-1016.869995 376 104 ) (-704 376 104 ) 
4 220 240 (-159 376 240 ) (-704 376 240 ) (-704 376 104 ) (-159 376 104 ) 
4 220 231 (-96 376 120 ) (-96 376 240 ) (-153 376 240 ) (-153 376 120 ) 
4 220 229 (-304 376 256 ) (-704 376 256 ) (-704 376 240 ) (-304 376 240 ) 
4 220 230 (-704 376 256 ) (-1016.869995 376 256 ) (-1016.869995 376 240 ) (-704 376 240 ) 
4 220 228 (-272 376 256 ) (-304 376 256 ) (-304 376 240 ) (-272 376 240 ) 
4 220 225 (-96 376 240 ) (-96 376 256 ) (-272 376 256 ) (-272 376 240 ) 
4 220 224 (-304 376 791.906982 ) (-1016.869995 376 791.906982 ) (-1016.869995 376 256 ) (-304 376 256 ) 
4 220 222 (-272 376 791.906982 ) (-304 376 791.906982 ) (-304 376 256 ) (-272 376 256 ) 
4 220 221 (-96 376 256 ) (-96 376 791.906982 ) (-272 376 791.906982 ) (-272 376 256 ) 
4 221 338 (-196 0 791.906982 ) (-272 0 791.906982 ) (-272 0 256 ) (-196 0 256 ) 
4 221 316 (-96 0 256 ) (-96 0 791.906982 ) (-196 0 791.906982 ) (-196 0 256 ) 
4 221 227 (-96 4 256 ) (-96 0 256 ) (-192 0 256 ) (-192 4 256 ) 
4 221 226 (-272 80 256 ) (-272 128 256 ) (-248 128 256 ) (-248 80 256 ) 
4 221 225 (-272 376 256 ) (-96 376 256 ) (-96 128 256 ) (-272 128 256 ) 
4 221 223 (-272 0 272 ) (-272 0 791.906982 ) (-272 80 791.906982 ) (-272 80 272 ) 
4 221 222 (-272 376 256 ) (-272 80 256 ) (-272 80 791.906982 ) (-272 376 791.906982 ) 
4 222 228 (-304 376 256 ) (-272 376 256 ) (-272 80 256 ) (-304 80 256 ) 
4 222 224 (-304 376 256 ) (-304 80 256 ) (-304 80 791.906982 ) (-304 376 791.906982 ) 
4 222 223 (-304 80 791.906982 ) (-304 80 272 ) (-272 80 272 ) (-272 80 791.906982 ) 
4 223 339 (-272 0 791.906982 ) (-304 0 791.906982 ) (-304 0 272 ) (-272 0 272 ) 
4 223 224 (-304 0 272 ) (-304 0 791.906982 ) (-304 80 791.906982 ) (-304 80 272 ) 
4 224 340 (-304 0 791.906982 ) (-1016.869995 0 791.906982 ) (-1016.869995 0 256 ) (-304 0 256 ) 
4 224 229 (-704 376 256 ) (-304 376 256 ) (-304 80 256 ) (-704 80 256 ) 
4 224 230 (-1016.869995 376 256 ) (-704 376 256 ) (-704 0 256 ) (-1016.869995 0 256 ) 
4 225 242 (-248 128 240 ) (-272 128 240 ) (-272 151 240 ) (-248 151 240 ) 
4 225 241 (-153 151 240 ) (-153 128 240 ) (-248 128 240 ) (-248 151 240 ) 
4 225 240 (-272 376 240 ) (-159 376 240 ) (-159 151 240 ) (-272 151 240 ) 
4 225 236 (-96 160 240 ) (-96 128 240 ) (-153 128 240 ) (-153 160 240 ) 
4 225 231 (-153 376 240 ) (-96 376 240 ) (-96 304 240 ) (-153 304 240 ) 
4 225 228 (-272 376 240 ) (-272 128 240 ) (-272 128 256 ) (-272 376 256 ) 
4 225 226 (-272 128 256 ) (-272 128 240 ) (-248 128 240 ) (-248 128 256 ) 
4 226 242 (-272 80 240 ) (-272 128 240 ) (-248 128 240 ) (-248 80 240 ) 
4 226 228 (-272 128 240 ) (-272 80 240 ) (-272 80 256 ) (-272 128 256 ) 
4 227 317 (-96 0 240 ) (-96 0 256 ) (-192 0 256 ) (-192 0 240 ) 
4 227 248 (-153 0 240 ) (-192 0 240 ) (-192 4 240 ) (-153 4 240 ) 
4 227 237 (-96 4 240 ) (-96 0 240 ) (-153 0 240 ) (-153 4 240 ) 
4 228 242 (-272 151 240 ) (-272 80 240 ) (-304 80 240 ) (-304 151 240 ) 
4 228 240 (-304 376 240 ) (-272 376 240 ) (-272 151 240 ) (-304 151 240 ) 
4 228 229 (-304 376 240 ) (-304 80 240 ) (-304 80 256 ) (-304 376 256 ) 
4 229 252 (-704 88 240 ) (-704 151 240 ) (-688 151 240 ) (-688 88 240 ) 
4 229 244 (-688 88 240 ) (-688 151 240 ) (-504 151 240 ) (-504 88 240 ) 
4 229 242 (-304 151 240 ) (-304 80 240 ) (-504 80 240 ) (-504 151 240 ) 
4 229 240 (-704 376 240 ) (-304 376 240 ) (-304 151 240 ) (-704 151 240 ) 
4 229 230 (-704 376 240 ) (-704 80 240 ) (-704 80 256 ) (-704 376 256 ) 
4 230 342 (-704 0 256 ) (-1016.869995 0 256 ) (-1016.869995 0 240 ) (-704 0 240 ) 
4 230 253 (-1016.869995 376 240 ) (-704 376 240 ) (-704 0 240 ) (-1016.869995 0 240 ) 
4 231 235 (-153 302 238.111099 ) (-153 302 120 ) (-151.705002 302 120 ) (-151.705002 302 238.111099 ) 
4 231 233 (-151.705002 302 120 ) (-97.295403 302 120 ) (-97.295403 302 238.111099 ) (-151.705002 302 238.111099 ) 
4 231 232 (-97.295403 302 120 ) (-96 302 120 ) (-96 302 238.111099 ) (-97.295403 302 238.111099 ) 
4 232 254 (-96 281.714294 104 ) (-96 160 104 ) (-97.295403 160 104 ) (-97.295403 281.714294 104 ) 
4 232 233 (-97.295403 302 238.111099 ) (-97.295403 302 120 ) (-97.295403 292 112.112671 ) (-97.295403 292 228.666656 ) 
4 232 234 (-97.295403 292 112.112671 ) (-97.295403 281.714294 104 ) (-97.295403 160 104 ) (-97.295403 292 228.666656 ) 
4 233 235 (-151.705002 302 238.111099 ) (-151.705002 302 120 ) (-151.705002 292 112.112679 ) (-151.705002 292 228.666656 ) 
4 233 234 (-97.295403 292 112 ) (-97.295403 292 228.662109 ) (-151.705002 292 228.662109 ) (-151.705002 292 112 ) 
4 234 260 (-97.295403 160 104 ) (-151.705002 160 104 ) (-151.705002 282 104 ) (-97.295403 282 104 ) 
4 234 235 (-151.705002 281.714294 104 ) (-151.705002 160 104 ) (-151.705002 292 228.666656 ) (-151.705002 292 112.112679 ) 
4 235 274 (-151.705002 160 104 ) (-153 160 104 ) (-153 281.714294 104 ) (-151.705002 281.714294 104 ) 
4 236 241 (-153 128 240 ) (-153 151 240 ) (-153 151 124 ) (-153 128 124 ) 
4 237 322 (-96 0 124 ) (-96 0 158.235992 ) (-153 0 158.235992 ) (-153 0 124 ) 
4 237 319 (-96 0 158.235992 ) (-96 0 240 ) (-118 0 240 ) (-118 0 158.235992 ) 
4 237 321 (-118 0 240 ) (-153 0 240 ) (-153 0 158.235992 ) (-118 0 158.235992 ) 
4 237 248 (-153 0 124 ) (-153 0 240 ) (-153 4 240 ) (-153 4 124 ) 
4 237 239 (-153 0 124 ) (-153 4 124 ) (-152 4 124 ) (-152 0 124 ) 
4 237 238 (-152 4 124 ) (-96 4 124 ) (-96 0 124 ) (-152 0 124 ) 
4 238 322 (-96 0 104 ) (-96 0 124 ) (-152 0 124 ) (-152 0 104 ) 
4 238 299 (-96 72 104 ) (-96 0 104 ) (-152 0 104 ) (-152 72 104 ) 
4 238 239 (-152 32 104 ) (-152 0 104 ) (-152 0 124 ) (-152 32 124 ) 
4 239 322 (-152 0 124 ) (-153 0 124 ) (-153 0 104 ) (-152 0 104 ) 
4 239 305 (-152 0 104 ) (-153 0 104 ) (-153 32 104 ) (-152 32 104 ) 
4 239 247 (-153 32 104 ) (-153 4 104 ) (-153 4 124 ) (-153 32 124 ) 
4 239 248 (-153 4 104 ) (-153 0 104 ) (-153 0 124 ) (-153 4 124 ) 
4 240 294 (-704 376 104 ) (-512 376 104 ) (-512 151 104 ) (-704 151 104 ) 
4 240 293 (-512 376 104 ) (-504 376 104 ) (-504 151 104 ) (-512 151 104 ) 
4 240 292 (-504 376 104 ) (-320 376 104 ) (-320 151 104 ) (-504 151 104 ) 
4 240 287 (-320 376 104 ) (-160 376 104 ) (-160 151 104 ) (-320 151 104 ) 
4 240 280 (-159 160 104 ) (-159 151 104 ) (-160 151 104 ) (-160 160 104 ) 
4 240 277 (-160 376 104 ) (-159 376 104 ) (-159 160 104 ) (-160 160 104 ) 
4 240 253 (-704 376 104 ) (-704 151 104 ) (-704 151 240 ) (-704 376 240 ) 
4 240 252 (-704 151 240 ) (-704 151 104 ) (-688 151 104 ) (-688 151 240 ) 
4 240 244 (-688 151 104 ) (-504 151 104 ) (-504 151 240 ) (-688 151 240 ) 
4 240 243 (-504 151 104 ) (-159 151 104 ) (-159 151 124 ) (-504 151 124 ) 
4 240 242 (-248 151 240 ) (-504 151 240 ) (-504 151 124 ) (-248 151 124 ) 
4 240 241 (-159 151 124 ) (-159 151 240 ) (-248 151 240 ) (-248 151 124 ) 
4 241 243 (-248 128 124 ) (-248 151 124 ) (-153 151 124 ) (-153 128 124 ) 
4 241 242 (-248 151 240 ) (-248 151 124 ) (-248 128 124 ) (-248 128 240 ) 
4 242 244 (-504 151 240 ) (-504 151 124 ) (-504 88 124 ) (-504 88 240 ) 
4 242 243 (-504 84 124 ) (-504 151 124 ) (-248 151 124 ) (-248 84 124 ) 
4 243 292 (-320 84 104 ) (-504 84 104 ) (-504 151 104 ) (-320 151 104 ) 
4 243 287 (-160 84 104 ) (-320 84 104 ) (-320 151 104 ) (-160 151 104 ) 
4 243 282 (-159 84 104 ) (-160 84 104 ) (-160 95 104 ) (-159 95 104 ) 
4 243 244 (-504 151 124 ) (-504 151 104 ) (-504 88 104 ) (-504 88 124 ) 
4 244 294 (-688 88 104 ) (-688 151 104 ) (-512 151 104 ) (-512 88 104 ) 
4 244 293 (-512 151 104 ) (-504 151 104 ) (-504 88 104 ) (-512 88 104 ) 
4 244 252 (-688 151 240 ) (-688 151 104 ) (-688 88 104 ) (-688 88 240 ) 
4 245 311 (-688 40 104 ) (-688 80 104 ) (-672 80 104 ) (-672 40 104 ) 
4 245 309 (-668 52 104 ) (-668 40 104 ) (-672 40 104 ) (-672 52 104 ) 
4 245 308 (-672 80 104 ) (-668 80 104 ) (-668 52 104 ) (-672 52 104 ) 
4 245 307 (-668 80 104 ) (-512 80 104 ) (-512 40 104 ) (-668 40 104 ) 
4 245 246 (-688 40 240 ) (-688 40 104 ) (-512 40 104 ) (-512 40 240 ) 
4 246 311 (-672 32 104 ) (-688 32 104 ) (-688 40 104 ) (-672 40 104 ) 
4 246 309 (-668 32 104 ) (-672 32 104 ) (-672 40 104 ) (-668 40 104 ) 
4 246 307 (-512 32 104 ) (-668 32 104 ) (-668 40 104 ) (-512 40 104 ) 
4 246 249 (-688 32 240 ) (-688 32 104 ) (-512 32 104 ) (-512 32 240 ) 
4 247 305 (-153 32 104 ) (-153 4 104 ) (-248 4 104 ) (-248 32 104 ) 
4 247 250 (-248 16 104 ) (-248 8 104 ) (-248 8 124 ) (-248 16 124 ) 
4 247 249 (-248 32 124 ) (-248 32 104 ) (-248 16 104 ) (-248 16 124 ) 
4 247 251 (-248 8 104 ) (-248 4 104 ) (-248 4 124 ) (-248 8 124 ) 
4 247 248 (-248 4 124 ) (-248 4 104 ) (-153 4 104 ) (-153 4 124 ) 
4 248 343 (-196 0 240 ) (-248 0 240 ) (-248 0 104 ) (-196 0 104 ) 
4 248 322 (-196 0 158.235992 ) (-196 0 104 ) (-153 0 104 ) (-153 0 158.235992 ) 
4 248 321 (-153 0 240 ) (-196 0 240 ) (-196 0 158.235992 ) (-153 0 158.235992 ) 
4 248 305 (-153 4 104 ) (-153 0 104 ) (-248 0 104 ) (-248 4 104 ) 
4 248 251 (-248 4 104 ) (-248 0 104 ) (-248 0 240 ) (-248 4 240 ) 
4 249 311 (-688 16 104 ) (-688 32 104 ) (-672 32 104 ) (-672 16 104 ) 
4 249 309 (-672 32 104 ) (-668 32 104 ) (-668 16 104 ) (-672 16 104 ) 
4 249 306 (-512 32 104 ) (-504 32 104 ) (-504 16 104 ) (-512 16 104 ) 
4 249 307 (-668 32 104 ) (-512 32 104 ) (-512 16 104 ) (-668 16 104 ) 
4 249 305 (-504 32 104 ) (-248 32 104 ) (-248 16 104 ) (-504 16 104 ) 
4 249 250 (-688 16 224 ) (-688 16 104 ) (-248 16 104 ) (-248 16 224 ) 
4 250 311 (-688 8 104 ) (-688 16 104 ) (-672 16 104 ) (-672 8 104 ) 
4 250 309 (-672 16 104 ) (-668 16 104 ) (-668 8 104 ) (-672 8 104 ) 
4 250 306 (-512 16 104 ) (-504 16 104 ) (-504 8 104 ) (-512 8 104 ) 
4 250 307 (-668 16 104 ) (-512 16 104 ) (-512 8 104 ) (-668 8 104 ) 
4 250 305 (-504 16 104 ) (-248 16 104 ) (-248 8 104 ) (-504 8 104 ) 
4 250 251 (-688 8 224 ) (-688 8 104 ) (-248 8 104 ) (-248 8 224 ) 
4 251 343 (-248 0 240 ) (-688 0 240 ) (-688 0 104 ) (-248 0 104 ) 
4 251 311 (-672 0 104 ) (-688 0 104 ) (-688 8 104 ) (-672 8 104 ) 
4 251 309 (-668 0 104 ) (-672 0 104 ) (-672 8 104 ) (-668 8 104 ) 
4 251 306 (-504 0 104 ) (-512 0 104 ) (-512 8 104 ) (-504 8 104 ) 
4 251 307 (-512 0 104 ) (-668 0 104 ) (-668 8 104 ) (-512 8 104 ) 
4 251 305 (-248 0 104 ) (-504 0 104 ) (-504 8 104 ) (-248 8 104 ) 
4 252 294 (-704 88 104 ) (-704 151 104 ) (-688 151 104 ) (-688 88 104 ) 
4 252 253 (-704 151 104 ) (-704 88 104 ) (-704 88 240 ) (-704 151 240 ) 
4 253 348 (-704 0 240 ) (-1016.869995 0 240 ) (-1016.869995 0 104 ) (-704 0 104 ) 
4 253 313 (-704 80 104 ) (-704 0 104 ) (-1016.869995 0 104 ) (-1016.869995 80 104 ) 
4 253 295 (-1016.869995 376 104 ) (-704 376 104 ) (-704 80 104 ) (-1016.869995 80 104 ) 
3 254 271 (-97.295403 170.142853 16 ) (-97.295403 160 8 ) (-97.295403 160 16 ) 
4 254 270 (-97.295403 180.285721 24 ) (-97.295403 170.142853 16 ) (-97.295403 160 16 ) (-97.295403 160 24 ) 
4 254 269 (-97.295403 190.428574 32 ) (-97.295403 180.285721 24 ) (-97.295403 160 24 ) (-97.295403 160 32 ) 
4 254 268 (-97.295403 200.571442 40 ) (-97.295403 190.428574 32 ) (-97.295403 160 32 ) (-97.295403 160 40 ) 
4 254 267 (-97.295403 210.714294 48 ) (-97.295403 200.571442 40 ) (-97.295403 160 40 ) (-97.295403 160 48 ) 
4 254 266 (-97.295403 220.857147 56 ) (-97.295403 210.714294 48 ) (-97.295403 160 48 ) (-97.295403 160 56 ) 
4 254 265 (-97.295403 231 64 ) (-97.295403 220.857147 56 ) (-97.295403 160 56 ) (-97.295403 160 64 ) 
4 254 264 (-97.295403 241.142853 72 ) (-97.295403 231 64 ) (-97.295403 160 64 ) (-97.295403 160 72 ) 
4 254 263 (-97.295403 251.285721 80 ) (-97.295403 241.142853 72 ) (-97.295403 160 72 ) (-97.295403 160 80 ) 
4 254 262 (-97.295403 261.428589 88 ) (-97.295403 251.285721 80 ) (-97.295403 160 80 ) (-97.295403 160 88 ) 
4 254 261 (-97.295403 271.571442 96 ) (-97.295403 261.428589 88 ) (-97.295403 160 88 ) (-97.295403 160 96 ) 
4 254 260 (-97.295403 160 104 ) (-97.295403 281.714294 104 ) (-97.295403 271.571442 96 ) (-97.295403 160 96 ) 
4 254 255 (-97.295403 160 104 ) (-97.295403 160 8 ) (-96 160 8 ) (-96 160 104 ) 
4 255 290 (-97.295403 80 -8 ) (-97.295403 80 104 ) (-97.295403 84 104 ) (-97.295403 84 -8 ) 
4 255 278 (-97.295403 84 104 ) (-97.295403 160 104 ) (-97.295403 160 -8 ) (-97.295403 84 -8 ) 
4 256 273 (-97.295403 160 -8 ) (-97.295403 376 -8 ) (-97.295403 376 -16 ) (-97.295403 160 -16 ) 
4 256 257 (-97.295403 160 -16 ) (-97.295403 376 -16 ) (-96 376 -16 ) (-96 160 -16 ) 
4 257 296 (-97.295403 376 -32 ) (-97.295403 376 -611.906982 ) (-97.295403 96 -611.906982 ) (-97.295403 96 -32 ) 
4 257 289 (-97.295403 96 -16 ) (-97.295403 376 -16 ) (-97.295403 376 -32 ) (-97.295403 96 -32 ) 
4 257 258 (-96 96 -32 ) (-96 96 -16 ) (-97.295403 96 -16 ) (-97.295403 96 -32 ) 
4 257 259 (-97.295403 96 -611.906982 ) (-96 96 -611.906982 ) (-96 96 -64 ) (-97.295403 96 -64 ) 
4 258 291 (-97.295403 80 -32 ) (-97.295403 80 -16 ) (-97.295403 84 -16 ) (-97.295403 84 -32 ) 
4 258 289 (-97.295403 84 -16 ) (-97.295403 96 -16 ) (-97.295403 96 -32 ) (-97.295403 84 -32 ) 
4 259 315 (-96 80 -611.906982 ) (-96 80 -64 ) (-97.295403 80 -64 ) (-97.295403 80 -611.906982 ) 
4 259 297 (-97.295403 80 -611.906982 ) (-97.295403 80 -64 ) (-97.295403 96 -64 ) (-97.295403 96 -611.906982 ) 
4 260 278 (-97.295403 160 96 ) (-97.295403 160 104 ) (-151.705002 160 104 ) (-151.705002 160 96 ) 
4 260 274 (-151.705002 160 96 ) (-151.705002 160 104 ) (-151.705002 281.714294 104 ) (-151.705002 271.571411 96 ) 
4 260 261 (-97.295403 160 96 ) (-151.705002 160 96 ) (-151.705002 272 96 ) (-97.295403 272 96 ) 
4 261 278 (-97.295403 160 88 ) (-97.295403 160 96 ) (-151.705002 160 96 ) (-151.705002 160 88 ) 
4 261 274 (-151.705002 160 88 ) (-151.705002 160 96 ) (-151.705002 271.571411 96 ) (-151.705002 261.428558 88 ) 
4 261 262 (-97.295403 160 88 ) (-151.705002 160 88 ) (-151.705002 264 88 ) (-97.295403 264 88 ) 
4 262 278 (-97.295403 160 80 ) (-97.295403 160 88 ) (-151.705002 160 88 ) (-151.705002 160 80 ) 
4 262 274 (-151.705002 160 80 ) (-151.705002 160 88 ) (-151.705002 261.428558 88 ) (-151.705002 251.285721 80 ) 
4 262 263 (-97.295403 160 80 ) (-151.705002 160 80 ) (-151.705002 256 80 ) (-97.295403 256 80 ) 
4 263 278 (-97.295403 160 72 ) (-97.295403 160 80 ) (-151.705002 160 80 ) (-151.705002 160 72 ) 
4 263 274 (-151.705002 160 72 ) (-151.705002 160 80 ) (-151.705002 251.285721 80 ) (-151.705002 241.142853 72 ) 
4 263 264 (-97.295403 160 72 ) (-151.705002 160 72 ) (-151.705002 246 72 ) (-97.295403 246 72 ) 
4 264 278 (-97.295403 160 64 ) (-97.295403 160 72 ) (-151.705002 160 72 ) (-151.705002 160 64 ) 
4 264 274 (-151.705002 160 64 ) (-151.705002 160 72 ) (-151.705002 241.142853 72 ) (-151.705002 231 64 ) 
4 264 265 (-97.295403 160 64 ) (-151.705002 160 64 ) (-151.705002 236 64 ) (-97.295403 236 64 ) 
4 265 278 (-97.295403 160 56 ) (-97.295403 160 64 ) (-151.705002 160 64 ) (-151.705002 160 56 ) 
4 265 274 (-151.705002 160 56 ) (-151.705002 160 64 ) (-151.705002 231 64 ) (-151.705002 220.857147 56 ) 
4 265 266 (-97.295403 160 56 ) (-151.705002 160 56 ) (-151.705002 226 56 ) (-97.295403 226 56 ) 
4 266 278 (-97.295403 160 48 ) (-97.295403 160 56 ) (-151.705002 160 56 ) (-151.705002 160 48 ) 
4 266 274 (-151.705002 160 48 ) (-151.705002 160 56 ) (-151.705002 220.857147 56 ) (-151.705002 210.714279 48 ) 
4 266 267 (-97.295403 160 48 ) (-151.705002 160 48 ) (-151.705002 218 48 ) (-97.295403 218 48 ) 
4 267 278 (-97.295403 160 40 ) (-97.295403 160 48 ) (-151.705002 160 48 ) (-151.705002 160 40 ) 
4 267 274 (-151.705002 160 40 ) (-151.705002 160 48 ) (-151.705002 210.714279 48 ) (-151.705002 200.571426 40 ) 
4 267 268 (-97.295403 160 40 ) (-151.705002 160 40 ) (-151.705002 208 40 ) (-97.295403 208 40 ) 
4 268 278 (-97.295403 160 32 ) (-97.295403 160 40 ) (-151.705002 160 40 ) (-151.705002 160 32 ) 
4 268 274 (-151.705002 160 32 ) (-151.705002 160 40 ) (-151.705002 200.571426 40 ) (-151.705002 190.428574 32 ) 
4 268 269 (-97.295403 160 32 ) (-151.705002 160 32 ) (-151.705002 198 32 ) (-97.295403 198 32 ) 
4 269 278 (-97.295403 160 24 ) (-97.295403 160 32 ) (-151.705002 160 32 ) (-151.705002 160 24 ) 
4 269 274 (-151.705002 160 24 ) (-151.705002 160 32 ) (-151.705002 190.428558 32 ) (-151.705002 180.285706 24 ) 
4 269 270 (-97.295403 160 24 ) (-151.705002 160 24 ) (-151.705002 188 24 ) (-97.295403 188 24 ) 
4 270 278 (-97.295403 160 16 ) (-97.295403 160 24 ) (-151.705002 160 24 ) (-151.705002 160 16 ) 
4 270 274 (-151.705002 160 16 ) (-151.705002 160 24 ) (-151.705002 180.285721 24 ) (-151.705002 170.142853 16 ) 
4 270 271 (-97.295403 160 16 ) (-151.705002 160 16 ) (-151.705002 178 16 ) (-97.295403 178 16 ) 
4 271 278 (-97.295403 160 8 ) (-97.295403 160 16 ) (-151.705002 160 16 ) (-151.705002 160 8 ) 
3 271 274 (-151.705002 160 8 ) (-151.705002 160 16 ) (-151.705002 170.142853 16 ) 
4 271 272 (-97.295403 160 8 ) (-151.705002 160 8 ) (-151.705002 168 8 ) (-97.295403 168 8 ) 
4 272 278 (-97.295403 160 0 ) (-97.295403 160 8 ) (-151.705002 160 8 ) (-151.705002 160 0 ) 
4 273 275 (-151.705002 376 -16 ) (-151.705002 160 -16 ) (-151.705002 160 -8 ) (-151.705002 376 -8 ) 
4 273 289 (-151.705002 376 -16 ) (-97.295403 376 -16 ) (-97.295403 160 -16 ) (-151.705002 160 -16 ) 
4 274 279 (-152 160 104 ) (-153 160 104 ) (-153 160 8 ) (-152 160 8 ) 
4 274 278 (-151.705002 160 8 ) (-151.705002 160 104 ) (-152 160 104 ) (-152 160 8 ) 
4 275 276 (-153 376 -16 ) (-153 160 -16 ) (-153 160 -8 ) (-153 376 -8 ) 
4 275 289 (-153 376 -16 ) (-151.705002 376 -16 ) (-151.705002 160 -16 ) (-153 160 -16 ) 
4 276 289 (-156 376 -16 ) (-153 376 -16 ) (-153 160 -16 ) (-156 160 -16 ) 
4 277 288 (-160 160 -7.916450 ) (-160 160 0 ) (-160 376 0 ) (-160 376 -7.916450 ) 
4 277 287 (-160 160 0 ) (-160 160 104 ) (-160 376 104 ) (-160 376 0 ) 
4 277 280 (-160 160 104 ) (-160 160 -7.916450 ) (-159 160 -7.916450 ) (-159 160 104 ) 
4 278 290 (-97.295403 84 -8 ) (-97.295403 84 104 ) (-152 84 104 ) (-152 84 -8 ) 
4 278 284 (-152 95 -8 ) (-152 84 -8 ) (-152 84 100 ) (-152 95 100 ) 
4 278 283 (-152 147 -8 ) (-152 99 -8 ) (-152 99 100 ) (-152 147 100 ) 
4 278 281 (-152 84 100 ) (-152 84 104 ) (-152 95 104 ) (-152 95 100 ) 
4 278 279 (-152 160 104 ) (-152 160 -8 ) (-152 151 -8 ) (-152 151 104 ) 
4 280 288 (-160 151 -7.916450 ) (-160 151 0 ) (-160 160 0 ) (-160 160 -7.916450 ) 
4 280 287 (-160 151 0 ) (-160 151 104 ) (-160 160 104 ) (-160 160 0 ) 
4 281 284 (-153 95 100 ) (-152 95 100 ) (-152 84 100 ) (-153 84 100 ) 
4 282 287 (-160 84 100 ) (-160 84 104 ) (-160 95 104 ) (-160 95 100 ) 
4 282 286 (-160 84 100 ) (-160 95 100 ) (-159 95 100 ) (-159 84 100 ) 
4 283 285 (-156 99 100 ) (-156 147 100 ) (-156 147 -8 ) (-156 99 -8 ) 
4 285 288 (-160 99 -7.916450 ) (-160 99 0 ) (-160 147 0 ) (-160 147 -7.916450 ) 
4 285 287 (-160 99 0 ) (-160 99 100 ) (-160 147 100 ) (-160 147 0 ) 
4 286 288 (-160 84 -7.916450 ) (-160 84 0 ) (-160 95 0 ) (-160 95 -7.916450 ) 
4 286 287 (-160 84 0 ) (-160 84 100 ) (-160 95 100 ) (-160 95 0 ) 
4 287 292 (-320 84 0 ) (-320 84 104 ) (-320 376 104 ) (-320 376 0 ) 
4 287 288 (-160 376 0 ) (-160 84 0 ) (-304 84 0 ) (-304 376 0 ) 
4 289 296 (-320 376 -32 ) (-97.295403 376 -32 ) (-97.295403 96 -32 ) (-320 96 -32 ) 
4 289 292 (-320 376 -32 ) (-320 84 -32 ) (-320 84 -16 ) (-320 376 -16 ) 
4 289 291 (-152 84 -32 ) (-97.295403 84 -32 ) (-97.295403 84 -16 ) (-152 84 -16 ) 
4 290 300 (-148 80 -8 ) (-100 80 -8 ) (-100 80 100 ) (-148 80 100 ) 
4 292 296 (-504 376 -32 ) (-320 376 -32 ) (-320 96 -32 ) (-504 96 -32 ) 
4 292 293 (-504 376 -32 ) (-504 84 -32 ) (-504 84 104 ) (-504 376 104 ) 
4 293 296 (-512 376 -32 ) (-504 376 -32 ) (-504 96 -32 ) (-512 96 -32 ) 
4 293 294 (-512 376 -32 ) (-512 88 -32 ) (-512 88 104 ) (-512 376 104 ) 
4 294 298 (-704 376 -32 ) (-512 376 -32 ) (-512 88 -32 ) (-704 88 -32 ) 
4 294 295 (-704 376 -32 ) (-704 88 -32 ) (-704 88 104 ) (-704 376 104 ) 
4 295 313 (-704 80 104 ) (-1016.869995 80 104 ) (-1016.869995 80 -32 ) (-704 80 -32 ) 
4 295 298 (-1016.869995 376 -32 ) (-704 376 -32 ) (-704 80 -32 ) (-1016.869995 80 -32 ) 
4 296 297 (-512 96 -64 ) (-512 96 -611.906982 ) (-97.295403 96 -611.906982 ) (-97.295403 96 -64 ) 
4 296 298 (-512 376 -611.906982 ) (-512 96 -611.906982 ) (-512 96 -32 ) (-512 376 -32 ) 
4 297 315 (-512 80 -611.906982 ) (-97.295403 80 -611.906982 ) (-97.295403 80 -64 ) (-512 80 -64 ) 
4 297 298 (-512 96 -611.906982 ) (-512 80 -611.906982 ) (-512 80 -64 ) (-512 96 -64 ) 
4 298 315 (-1016.869995 80 -611.906982 ) (-512 80 -611.906982 ) (-512 80 -64 ) (-1016.869995 80 -64 ) 
4 298 314 (-688 80 -32 ) (-1016.869995 80 -32 ) (-1016.869995 80 -64 ) (-688 80 -64 ) 
4 299 328 (-96 0 100 ) (-96 0 104 ) (-152 0 104 ) (-152 0 100 ) 
4 299 305 (-152 32 100 ) (-152 0 100 ) (-152 0 104 ) (-152 32 104 ) 
4 299 301 (-152 0 100 ) (-152 72 100 ) (-96 72 100 ) (-96 0 100 ) 
4 300 301 (-148 72 -8 ) (-100 72 -8 ) (-100 72 100 ) (-148 72 100 ) 
4 301 328 (-96 0 -8 ) (-96 0 100 ) (-152 0 100 ) (-152 0 -8 ) 
4 301 305 (-152 32 -8 ) (-152 0 -8 ) (-152 0 100 ) (-152 32 100 ) 
4 301 302 (-152 0 -8 ) (-152 44 -8 ) (-96 44 -8 ) (-96 0 -8 ) 
4 302 328 (-96 0 -16 ) (-96 0 -8 ) (-152 0 -8 ) (-152 0 -16 ) 
4 302 305 (-152 32 -16 ) (-152 0 -16 ) (-152 0 -8 ) (-152 32 -8 ) 
4 302 303 (-152 0 -16 ) (-152 34 -16 ) (-96 34 -16 ) (-96 0 -16 ) 
4 303 330 (-96 0 -24 ) (-96 0 -16 ) (-152 0 -16 ) (-152 0 -24 ) 
4 303 305 (-152 32 -24 ) (-152 0 -24 ) (-152 0 -16 ) (-152 32 -16 ) 
4 303 304 (-152 0 -24 ) (-152 24 -24 ) (-96 24 -24 ) (-96 0 -24 ) 
4 304 330 (-96 0 -32 ) (-96 0 -24 ) (-152 0 -24 ) (-152 0 -32 ) 
4 304 305 (-152 24 -32 ) (-152 0 -32 ) (-152 0 -24 ) (-152 24 -24 ) 
4 305 349 (-504 0 96 ) (-504 0 -32 ) (-196 0 -32 ) (-196 0 96 ) 
4 305 343 (-196 0 104 ) (-504 0 104 ) (-504 0 96 ) (-196 0 96 ) 
4 305 331 (-188 0 104 ) (-192 0 104 ) (-192 0 -32 ) (-188 0 -32 ) 
4 305 333 (-192 0 104 ) (-196 0 104 ) (-196 0 -32 ) (-192 0 -32 ) 
4 305 330 (-188 0 -16 ) (-188 0 -32 ) (-152 0 -32 ) (-152 0 -16 ) 
4 305 328 (-152 0 104 ) (-188 0 104 ) (-188 0 -16 ) (-152 0 -16 ) 
4 305 306 (-504 32 -32 ) (-504 0 -32 ) (-504 0 104 ) (-504 32 104 ) 
4 306 349 (-512 0 96 ) (-512 0 -32 ) (-504 0 -32 ) (-504 0 96 ) 
4 306 343 (-504 0 104 ) (-512 0 104 ) (-512 0 96 ) (-504 0 96 ) 
4 306 307 (-512 32 -32 ) (-512 0 -32 ) (-512 0 104 ) (-512 32 104 ) 
4 307 353 (-668 0 96 ) (-668 0 -32 ) (-640 0 -32 ) (-640 0 96 ) 
4 307 349 (-640 0 -32 ) (-512 0 -32 ) (-512 0 96 ) (-640 0 96 ) 
4 307 343 (-512 0 104 ) (-668 0 104 ) (-668 0 96 ) (-512 0 96 ) 
3 307 310 (-668 33 28 ) (-668 52 11.878784 ) (-668 52 -12 ) 
4 307 309 (-668 0 56 ) (-668 0 104 ) (-668 52 104 ) (-668 52 11.878784 ) 
4 307 308 (-668 80 104 ) (-668 80 -32 ) (-668 52 -32 ) (-668 52 104 ) 
4 308 311 (-672 80 104 ) (-672 80 96 ) (-672 52 96 ) (-672 52 104 ) 
4 308 310 (-672 52 11.878784 ) (-672 52 -12 ) (-668 52 -12 ) (-668 52 11.878788 ) 
4 308 309 (-672 52 104 ) (-672 52 11.878784 ) (-668 52 11.878788 ) (-668 52 104 ) 
4 309 354 (-672 0 96 ) (-672 0 56 ) (-668 0 56 ) (-668 0 96 ) 
4 309 343 (-668 0 104 ) (-672 0 104 ) (-672 0 96 ) (-668 0 96 ) 
4 309 311 (-672 0 96 ) (-672 0 104 ) (-672 52 104 ) (-672 52 96 ) 
4 309 310 (-672 33.003277 27.993099 ) (-672 52 11.875000 ) (-668 52 11.875000 ) (-668 33.003014 27.993656 ) 
4 311 343 (-672 0 104 ) (-688 0 104 ) (-688 0 96 ) (-672 0 96 ) 
4 312 359 (-704 0 96 ) (-704 0 -32 ) (-688 0 -32 ) (-688 0 96 ) 
4 312 314 (-704 80 -32 ) (-688 80 -32 ) (-688 0 -32 ) (-704 0 -32 ) 
4 312 313 (-704 80 96 ) (-704 80 -32 ) (-704 0 -32 ) (-704 0 96 ) 
4 313 359 (-1016.869995 0 96 ) (-1016.869995 0 -32 ) (-704 0 -32 ) (-704 0 96 ) 
4 313 348 (-704 0 104 ) (-1016.869995 0 104 ) (-1016.869995 0 96 ) (-704 0 96 ) 
4 313 314 (-1016.869995 80 -32 ) (-704 80 -32 ) (-704 0 -32 ) (-1016.869995 0 -32 ) 
4 314 359 (-688 0 -32 ) (-1016.869995 0 -32 ) (-1016.869995 0 -64 ) (-688 0 -64 ) 
4 314 315 (-1016.869995 80 -64 ) (-688 80 -64 ) (-688 0 -64 ) (-1016.869995 0 -64 ) 
4 315 361 (-544 0 -64 ) (-640 0 -64 ) (-640 0 -611.906982 ) (-544 0 -611.906982 ) 
4 315 360 (-96 0 -611.906982 ) (-96 0 -64 ) (-544 0 -64 ) (-544 0 -611.906982 ) 
4 315 364 (-640 0 -64 ) (-1016.869995 0 -64 ) (-1016.869995 0 -611.906982 ) (-640 0 -611.906982 ) 
4 316 338 (-196 0 791.906982 ) (-196 0 256 ) (-196 -160 256 ) (-196 -160 791.906982 ) 
4 316 334 (-196 -160 791.906982 ) (-196 -160 256 ) (0 -160 256 ) (0 -160 791.906982 ) 
4 316 317 (-192 0 256 ) (0 0 256 ) (0 -32 256 ) (-192 -32 256 ) 
4 317 320 (-69 -32 240 ) (-118 -32 240 ) (-118 -24 240 ) (-69 -24 240 ) 
4 317 319 (-118 -24 240 ) (-118 0 240 ) (-69 0 240 ) (-69 -24 240 ) 
4 317 318 (0 -32 240 ) (-69 -32 240 ) (-69 0 240 ) (0 0 240 ) 
4 317 321 (-118 -32 240 ) (-192 -32 240 ) (-192 0 240 ) (-118 0 240 ) 
4 318 323 (0 -32 158.235992 ) (-69 -32 158.235992 ) (-69 -28 158.235992 ) (0 -28 158.235992 ) 
4 318 322 (-69 -28 158.235992 ) (-69 0 158.235992 ) (0 0 158.235992 ) (0 -28 158.235992 ) 
4 318 320 (-69 -32 164.235992 ) (-69 -32 240 ) (-69 -24 240 ) (-69 -24 164.235992 ) 
4 318 319 (-69 0 158.235992 ) (-69 -24 158.235992 ) (-69 -24 240 ) (-69 0 240 ) 
4 319 322 (-118 -24 158.235992 ) (-118 0 158.235992 ) (-69 0 158.235992 ) (-69 -24 158.235992 ) 
4 319 320 (-118 -24 240 ) (-118 -24 164.235992 ) (-69 -24 164.235992 ) (-69 -24 240 ) 
4 319 321 (-118 0 158.235992 ) (-118 -24 158.235992 ) (-118 -24 240 ) (-118 0 240 ) 
4 320 321 (-118 -32 164.235992 ) (-118 -32 240 ) (-118 -24 240 ) (-118 -24 164.235992 ) 
4 321 343 (-196 0 240 ) (-196 0 158.235992 ) (-196 -32 158.235992 ) (-196 -32 240 ) 
4 321 323 (-118 -32 158.235992 ) (-196 -32 158.235992 ) (-196 -28 158.235992 ) (-118 -28 158.235992 ) 
4 321 322 (-196 -28 158.235992 ) (-196 0 158.235992 ) (-118 0 158.235992 ) (-118 -28 158.235992 ) 
4 322 343 (-196 0 158.235992 ) (-196 0 104 ) (-196 -28 104 ) (-196 -28 158.235992 ) 
4 322 331 (-192 0 104 ) (-188 0 104 ) (-188 -28 104 ) (-192 -28 104 ) 
4 322 333 (-196 -28 104 ) (-196 0 104 ) (-192 0 104 ) (-192 -28 104 ) 
4 322 328 (-188 0 104 ) (-8 0 104 ) (-8 -28 104 ) (-188 -28 104 ) 
4 322 324 (-8 0 104 ) (0 0 104 ) (0 -28 104 ) (-8 -28 104 ) 
4 322 323 (0 -28 124 ) (0 -28 158.235992 ) (-196 -28 158.235992 ) (-196 -28 124 ) 
4 323 343 (-196 -32 124 ) (-196 -32 158.235992 ) (-196 -28 158.235992 ) (-196 -28 124 ) 
4 324 328 (-8 -32 104 ) (-8 0 104 ) (-8 0 92 ) (-8 -32 92 ) 
4 324 325 (-8 -32 92 ) (-8 0 92 ) (0 0 92 ) (0 -32 92 ) 
4 325 328 (-8 0 92 ) (-8 0 -16 ) (-8 -32 -16 ) (-8 -32 92 ) 
4 325 327 (-8 -32 -16 ) (-8 0 -16 ) (0 0 -16 ) (0 -32 -16 ) 
4 326 329 (-8 -78 -16 ) (-8 -126 -16 ) (-8 -126 92 ) (-8 -78 92 ) 
4 327 330 (-8 -32 -16 ) (-8 0 -16 ) (-8 0 -32 ) (-8 -32 -32 ) 
4 328 332 (-188 -36 104 ) (-188 -32 104 ) (-188 -32 -16 ) (-188 -36 -16 ) 
4 328 331 (-188 -32 104 ) (-188 0 104 ) (-188 0 -16 ) (-188 -32 -16 ) 
4 328 330 (-188 -32 -16 ) (-188 0 -16 ) (-8 0 -16 ) (-8 -32 -16 ) 
4 329 332 (-188 -152 -16 ) (-188 -152 104 ) (-188 -40 104 ) (-188 -40 -16 ) 
4 330 331 (-188 0 -32 ) (-188 -32 -32 ) (-188 -32 -16 ) (-188 0 -16 ) 
4 331 333 (-192 0 -32 ) (-192 -32 -32 ) (-192 -32 104 ) (-192 0 104 ) 
4 331 332 (-192 -32 104 ) (-192 -32 -32 ) (-188 -32 -32 ) (-188 -32 104 ) 
4 332 336 (-192 -160 -32 ) (-188 -160 -32 ) (-188 -160 96 ) (-192 -160 96 ) 
4 332 333 (-192 -32 -32 ) (-192 -160 -32 ) (-192 -160 104 ) (-192 -32 104 ) 
4 333 349 (-196 0 96 ) (-196 0 -32 ) (-196 -160 -32 ) (-196 -160 96 ) 
4 333 344 (-196 -104 96 ) (-196 -112 96 ) (-196 -112 104 ) (-196 -104 104 ) 
4 333 343 (-196 0 104 ) (-196 0 96 ) (-196 -104 96 ) (-196 -104 104 ) 
4 333 345 (-196 -112 96 ) (-196 -160 96 ) (-196 -160 104 ) (-196 -112 104 ) 
4 334 366 (-192 -176 791.906982 ) (-196 -176 791.906982 ) (-196 -176 256 ) (-192 -176 256 ) 
4 334 365 (0 -176 256 ) (0 -176 791.906982 ) (-192 -176 791.906982 ) (-192 -176 256 ) 
4 334 338 (-196 -176 256 ) (-196 -176 791.906982 ) (-196 -160 791.906982 ) (-196 -160 256 ) 
4 334 335 (0 -176 256 ) (-176 -176 256 ) (-176 -160 256 ) (0 -160 256 ) 
4 335 371 (0 -176 -48 ) (0 -176 96 ) (-176 -176 96 ) (-176 -176 -48 ) 
4 335 369 (0 -176 96 ) (0 -176 224 ) (-176 -176 224 ) (-176 -176 96 ) 
4 335 365 (0 -176 224 ) (0 -176 256 ) (-176 -176 256 ) (-176 -176 224 ) 
4 335 336 (-176 -160 -48 ) (-176 -176 -48 ) (-176 -176 96 ) (-176 -160 96 ) 
4 335 337 (0 -176 -48 ) (-176 -176 -48 ) (-176 -160 -48 ) (0 -160 -48 ) 
4 336 371 (-192 -176 96 ) (-192 -176 -48 ) (-176 -176 -48 ) (-176 -176 96 ) 
4 336 337 (-176 -176 -48 ) (-192 -176 -48 ) (-192 -160 -48 ) (-176 -160 -48 ) 
4 337 371 (-196 -176 -64 ) (0 -176 -64 ) (0 -176 -48 ) (-196 -176 -48 ) 
4 337 360 (0 -176 -64 ) (-196 -176 -64 ) (-196 -160 -64 ) (0 -160 -64 ) 
4 337 352 (-196 -160 -64 ) (-196 -176 -64 ) (-196 -176 -48 ) (-196 -160 -48 ) 
4 338 366 (-272 -176 256 ) (-196 -176 256 ) (-196 -176 791.906982 ) (-272 -176 791.906982 ) 
4 338 339 (-272 -176 272 ) (-272 -176 791.906982 ) (-272 0 791.906982 ) (-272 0 272 ) 
4 339 366 (-272 -176 272 ) (-272 -176 791.906982 ) (-304 -176 791.906982 ) (-304 -176 272 ) 
4 339 340 (-304 -176 272 ) (-304 -176 791.906982 ) (-304 0 791.906982 ) (-304 0 272 ) 
4 340 366 (-688 -176 256 ) (-304 -176 256 ) (-304 -176 791.906982 ) (-688 -176 791.906982 ) 
4 340 367 (-1016.869995 -176 256 ) (-688 -176 256 ) (-688 -176 791.906982 ) (-1016.869995 -176 791.906982 ) 
4 340 342 (-1016.869995 0 256 ) (-704 0 256 ) (-704 -176 256 ) (-1016.869995 -176 256 ) 
4 341 343 (-304 -104 240 ) (-304 0 240 ) (-272 0 240 ) (-272 -104 240 ) 
4 341 345 (-304 -128 240 ) (-304 -112 240 ) (-272 -112 240 ) (-272 -128 240 ) 
4 342 367 (-1016.869995 -176 240 ) (-704 -176 240 ) (-704 -176 256 ) (-1016.869995 -176 256 ) 
4 342 348 (-704 -176 240 ) (-1016.869995 -176 240 ) (-1016.869995 0 240 ) (-704 0 240 ) 
4 343 354 (-672 0 96 ) (-668 0 96 ) (-668 -104 96 ) (-672 -104 96 ) 
4 343 353 (-668 0 96 ) (-640 0 96 ) (-640 -104 96 ) (-668 -104 96 ) 
4 343 349 (-640 0 96 ) (-196 0 96 ) (-196 -104 96 ) (-640 -104 96 ) 
4 343 344 (-688 -104 224 ) (-688 -104 96 ) (-196 -104 96 ) (-196 -104 224 ) 
4 344 354 (-668 -112 96 ) (-672 -112 96 ) (-672 -104 96 ) (-668 -104 96 ) 
4 344 353 (-640 -112 96 ) (-668 -112 96 ) (-668 -104 96 ) (-640 -104 96 ) 
4 344 349 (-196 -104 96 ) (-196 -112 96 ) (-640 -112 96 ) (-640 -104 96 ) 
4 344 345 (-688 -112 224 ) (-688 -112 96 ) (-196 -112 96 ) (-196 -112 224 ) 
4 345 354 (-672 -136 96 ) (-672 -112 96 ) (-668 -112 96 ) (-668 -136 96 ) 
4 345 358 (-668 -160 96 ) (-672 -160 96 ) (-672 -136 96 ) (-668 -136 96 ) 
4 345 353 (-640 -160 96 ) (-668 -160 96 ) (-668 -112 96 ) (-640 -112 96 ) 
4 345 349 (-196 -112 96 ) (-196 -160 96 ) (-640 -160 96 ) (-640 -112 96 ) 
4 345 346 (-196 -160 184 ) (-196 -160 240 ) (-352 -160 240 ) (-352 -160 184 ) 
4 345 347 (-688 -160 240 ) (-688 -160 96 ) (-352 -160 96 ) (-352 -160 240 ) 
4 346 347 (-352 -160 240 ) (-352 -160 184 ) (-352 -176 184 ) (-352 -176 240 ) 
4 348 370 (-1016.869995 -176 96 ) (-704 -176 96 ) (-704 -176 224 ) (-1016.869995 -176 224 ) 
4 348 367 (-704 -176 224 ) (-704 -176 240 ) (-1016.869995 -176 240 ) (-1016.869995 -176 224 ) 
4 348 359 (-1016.869995 0 96 ) (-704 0 96 ) (-704 -176 96 ) (-1016.869995 -176 96 ) 
4 349 353 (-640 -160 -32 ) (-640 -160 96 ) (-640 0 96 ) (-640 0 -32 ) 
4 349 350 (-640 -128 -32 ) (-640 -32 -32 ) (-544 -32 -32 ) (-544 -128 -32 ) 
4 350 351 (-544 -128 -40 ) (-640 -128 -40 ) (-640 -32 -40 ) (-544 -32 -40 ) 
4 352 371 (-352 -176 -64 ) (-196 -176 -64 ) (-196 -176 -48 ) (-352 -176 -48 ) 
4 352 360 (-196 -176 -64 ) (-352 -176 -64 ) (-352 -160 -64 ) (-196 -160 -64 ) 
3 353 357 (-668 -84 56 ) (-668 -65.593628 71.617523 ) (-668 -42 66 ) 
3 353 356 (-668 -117 28 ) (-668 -93.163635 78.181808 ) (-668 -65.593628 71.617523 ) 
3 353 355 (-668 -136 -12 ) (-668 -136 88.380943 ) (-668 -93.163635 78.181808 ) 
4 353 354 (-668 -136 88.380943 ) (-668 -136 96 ) (-668 0 96 ) (-668 0 56 ) 
4 353 358 (-668 -136 -32 ) (-668 -160 -32 ) (-668 -160 96 ) (-668 -136 96 ) 
4 354 357 (-672 -65.592880 71.618164 ) (-672 -41.998352 66 ) (-668 -41.998348 66 ) (-668 -65.592880 71.618164 ) 
4 354 356 (-672 -93.163284 78.182571 ) (-672 -65.592880 71.618164 ) (-668 -65.592880 71.618164 ) (-668 -93.163277 78.182571 ) 
4 354 355 (-668 -136 88.381836 ) (-672 -136 88.381836 ) (-672 -93.163284 78.182571 ) (-668 -93.163277 78.182571 ) 
4 354 358 (-672 -136 96 ) (-672 -136 88.380951 ) (-668 -136 88.380943 ) (-668 -136 96 ) 
4 355 356 (-672 -117 28 ) (-672 -93.165047 78.177711 ) (-668 -93.165047 78.177711 ) (-668 -117 28 ) 
4 355 358 (-672 -136 88.380951 ) (-672 -136 -12 ) (-668 -136 -12 ) (-668 -136 88.380943 ) 
4 356 357 (-672 -83.997437 56 ) (-672 -65.590210 71.618927 ) (-668 -65.590210 71.618927 ) (-668 -83.997444 56 ) 
4 359 371 (-1016.869995 -176 -64 ) (-688 -176 -64 ) (-688 -176 96 ) (-1016.869995 -176 96 ) 
4 359 364 (-688 -176 -64 ) (-1016.869995 -176 -64 ) (-1016.869995 0 -64 ) (-688 0 -64 ) 
4 360 371 (-544 -176 -611.906982 ) (0 -176 -611.906982 ) (0 -176 -64 ) (-544 -176 -64 ) 
4 360 362 (-544 -32 -611.906982 ) (-544 -128 -611.906982 ) (-544 -128 -96 ) (-544 -32 -96 ) 
4 360 361 (-544 0 -611.906982 ) (-544 -32 -611.906982 ) (-544 -32 -64 ) (-544 0 -64 ) 
4 360 363 (-544 -128 -611.906982 ) (-544 -176 -611.906982 ) (-544 -176 -64 ) (-544 -128 -64 ) 
4 361 362 (-640 -32 -96 ) (-640 -32 -611.906982 ) (-544 -32 -611.906982 ) (-544 -32 -96 ) 
4 361 364 (-640 0 -611.906982 ) (-640 -32 -611.906982 ) (-640 -32 -64 ) (-640 0 -64 ) 
4 362 364 (-640 -32 -611.906982 ) (-640 -128 -611.906982 ) (-640 -128 -96 ) (-640 -32 -96 ) 
4 362 363 (-640 -128 -96 ) (-640 -128 -611.906982 ) (-544 -128 -611.906982 ) (-544 -128 -96 ) 
4 363 371 (-640 -176 -611.906982 ) (-544 -176 -611.906982 ) (-544 -176 -64 ) (-640 -176 -64 ) 
4 363 364 (-640 -128 -611.906982 ) (-640 -176 -611.906982 ) (-640 -176 -64 ) (-640 -128 -64 ) 
4 364 371 (-1016.869995 -176 -611.906982 ) (-640 -176 -611.906982 ) (-640 -176 -64 ) (-1016.869995 -176 -64 ) 
4 365 369 (-192 -176 224 ) (0 -176 224 ) (0 -192 224 ) (-192 -192 224 ) 
4 365 368 (-192 -192 224 ) (0 -192 224 ) (0 -192 791.906982 ) (-192 -192 791.906982 ) 
4 365 366 (-192 -192 240 ) (-192 -192 791.906982 ) (-192 -176 791.906982 ) (-192 -176 240 ) 
4 366 368 (-192 -192 240 ) (-192 -192 791.906982 ) (-688 -192 791.906982 ) (-688 -192 240 ) 
4 366 367 (-688 -192 240 ) (-688 -192 791.906982 ) (-688 -176 791.906982 ) (-688 -176 240 ) 
4 367 370 (-1016.869995 -192 224 ) (-1016.869995 -176 224 ) (-704 -176 224 ) (-704 -192 224 ) 
4 367 368 (-1016.869995 -192 791.906982 ) (-1016.869995 -192 224 ) (-688 -192 224 ) (-688 -192 791.906982 ) 
4 368 372 (-1016.869995 -734.031006 224 ) (-1016.869995 -192 224 ) (0 -192 224 ) (0 -734.031006 224 ) 
4 369 372 (0 -192 224 ) (-192 -192 224 ) (-192 -192 96 ) (0 -192 96 ) 
4 369 371 (0 -192 96 ) (-192 -192 96 ) (-192 -176 96 ) (0 -176 96 ) 
4 370 372 (-704 -192 224 ) (-1016.869995 -192 224 ) (-1016.869995 -192 96 ) (-704 -192 96 ) 
4 370 371 (-704 -192 96 ) (-1016.869995 -192 96 ) (-1016.869995 -176 96 ) (-704 -176 96 ) 
4 371 372 (-1016.869995 -192 -611.906982 ) (0 -192 -611.906982 ) (0 -192 96 ) (-1016.869995 -192 96 ) 
